2018-07-27 16:29:33,181 INFO [org.jasig.cas.services.DefaultServicesManagerImpl] - Loaded 1 services.
2018-07-27 16:29:34,500 INFO [org.jasig.cas.util.AutowiringSchedulerFactoryBean] - Starting Quartz Scheduler now
2018-07-27 16:34:20,905 INFO [org.jasig.cas.services.DefaultServicesManagerImpl] - Loaded 1 services.
2018-07-27 16:34:22,198 INFO [org.jasig.cas.util.AutowiringSchedulerFactoryBean] - Starting Quartz Scheduler now
2018-07-27 16:34:27,695 INFO [org.jasig.cas.web.flow.InitialFlowSetupAction] - Setting path for cookies to: /shiro-cas/
2018-07-27 16:34:27,695 INFO [org.jasig.cas.web.flow.InitialFlowSetupAction] - Setting path for cookies to: /shiro-cas/
2018-07-27 16:34:39,742 INFO [org.jasig.cas.authentication.PolicyBasedAuthenticationManager] - AcceptUsersAuthenticationHandler successfully authenticated zhang+password
2018-07-27 16:34:39,744 INFO [org.jasig.cas.authentication.PolicyBasedAuthenticationManager] - Authenticated zhang with credentials [zhang+password].
2018-07-27 16:34:39,749 INFO [com.github.inspektr.audit.support.Slf4jLoggingAuditTrailManager] - Audit trail record BEGIN
=============================================================
WHO: audit:unknown
WHAT: supplied credentials: [zhang+password]
ACTION: AUTHENTICATION_SUCCESS
APPLICATION: CAS
WHEN: Fri Jul 27 16:34:39 CST 2018
CLIENT IP ADDRESS: 0:0:0:0:0:0:0:1
SERVER IP ADDRESS: 0:0:0:0:0:0:0:1
=============================================================


2018-07-27 16:34:39,751 INFO [com.github.inspektr.audit.support.Slf4jLoggingAuditTrailManager] - Audit trail record BEGIN
=============================================================
WHO: audit:unknown
WHAT: TGT-1-nI6c5ZdaaypEKZDDKwlUBbhVcbw5ZKQnyaaowumfGGiqLYXNhp-cas01.example.org
ACTION: TICKET_GRANTING_TICKET_CREATED
APPLICATION: CAS
WHEN: Fri Jul 27 16:34:39 CST 2018
CLIENT IP ADDRESS: 0:0:0:0:0:0:0:1
SERVER IP ADDRESS: 0:0:0:0:0:0:0:1
=============================================================


2018-07-27 16:34:41,015 INFO [org.jasig.cas.ticket.registry.support.DefaultTicketRegistryCleaner] - Beginning ticket cleanup.
2018-07-27 16:34:41,015 INFO [org.jasig.cas.ticket.registry.support.DefaultTicketRegistryCleaner] - 0 tickets found to be removed.
2018-07-27 16:34:41,015 INFO [org.jasig.cas.ticket.registry.support.DefaultTicketRegistryCleaner] - Finished ticket cleanup.
2018-07-27 16:35:02,115 WARN [org.jasig.cas.web.view.CasReloadableMessageBundle] - The code [logo.title] cannot be found in the language bundle for the locale [zh_CN]
2018-07-27 16:35:02,117 WARN [org.jasig.cas.web.view.CasReloadableMessageBundle] - The code [screen.welcome.instructions] cannot be found in the language bundle for the locale [zh_CN]
2018-07-27 16:35:02,117 WARN [org.jasig.cas.web.view.CasReloadableMessageBundle] - The code [screen.welcome.label.netid] cannot be found in the language bundle for the locale [zh_CN]
2018-07-27 16:35:02,117 WARN [org.jasig.cas.web.view.CasReloadableMessageBundle] - The code [screen.welcome.label.netid.accesskey] cannot be found in the language bundle for the locale [zh_CN]
2018-07-27 16:35:02,117 WARN [org.jasig.cas.web.view.CasReloadableMessageBundle] - The code [screen.welcome.label.password] cannot be found in the language bundle for the locale [zh_CN]
2018-07-27 16:35:02,117 WARN [org.jasig.cas.web.view.CasReloadableMessageBundle] - The code [screen.welcome.label.password.accesskey] cannot be found in the language bundle for the locale [zh_CN]
2018-07-27 16:35:02,118 WARN [org.jasig.cas.web.view.CasReloadableMessageBundle] - The code [screen.welcome.label.warn.accesskey] cannot be found in the language bundle for the locale [zh_CN]
2018-07-27 16:35:02,118 WARN [org.jasig.cas.web.view.CasReloadableMessageBundle] - The code [screen.welcome.label.warn] cannot be found in the language bundle for the locale [zh_CN]
2018-07-27 16:35:02,118 WARN [org.jasig.cas.web.view.CasReloadableMessageBundle] - The code [screen.welcome.button.login] cannot be found in the language bundle for the locale [zh_CN]
2018-07-27 16:35:02,118 WARN [org.jasig.cas.web.view.CasReloadableMessageBundle] - The code [screen.welcome.button.clear] cannot be found in the language bundle for the locale [zh_CN]
2018-07-27 16:35:02,118 WARN [org.jasig.cas.web.view.CasReloadableMessageBundle] - The code [screen.welcome.security] cannot be found in the language bundle for the locale [zh_CN]
2018-07-27 16:35:02,118 WARN [org.jasig.cas.web.view.CasReloadableMessageBundle] - The code [copyright] cannot be found in the language bundle for the locale [zh_CN]
2018-07-27 16:36:03,646 WARN [org.jasig.cas.web.view.CasReloadableMessageBundle] - The code [logo.title] cannot be found in the language bundle for the locale [zh_CN]
2018-07-27 16:36:03,646 WARN [org.jasig.cas.web.view.CasReloadableMessageBundle] - The code [screen.welcome.instructions] cannot be found in the language bundle for the locale [zh_CN]
2018-07-27 16:36:03,646 WARN [org.jasig.cas.web.view.CasReloadableMessageBundle] - The code [screen.welcome.label.netid] cannot be found in the language bundle for the locale [zh_CN]
2018-07-27 16:36:03,647 WARN [org.jasig.cas.web.view.CasReloadableMessageBundle] - The code [screen.welcome.label.netid.accesskey] cannot be found in the language bundle for the locale [zh_CN]
2018-07-27 16:36:03,648 WARN [org.jasig.cas.web.view.CasReloadableMessageBundle] - The code [screen.welcome.label.password] cannot be found in the language bundle for the locale [zh_CN]
2018-07-27 16:36:03,648 WARN [org.jasig.cas.web.view.CasReloadableMessageBundle] - The code [screen.welcome.label.password.accesskey] cannot be found in the language bundle for the locale [zh_CN]
2018-07-27 16:36:03,649 WARN [org.jasig.cas.web.view.CasReloadableMessageBundle] - The code [screen.welcome.label.warn.accesskey] cannot be found in the language bundle for the locale [zh_CN]
2018-07-27 16:36:03,649 WARN [org.jasig.cas.web.view.CasReloadableMessageBundle] - The code [screen.welcome.label.warn] cannot be found in the language bundle for the locale [zh_CN]
2018-07-27 16:36:03,649 WARN [org.jasig.cas.web.view.CasReloadableMessageBundle] - The code [screen.welcome.button.login] cannot be found in the language bundle for the locale [zh_CN]
2018-07-27 16:36:03,649 WARN [org.jasig.cas.web.view.CasReloadableMessageBundle] - The code [screen.welcome.button.clear] cannot be found in the language bundle for the locale [zh_CN]
2018-07-27 16:36:03,649 WARN [org.jasig.cas.web.view.CasReloadableMessageBundle] - The code [screen.welcome.security] cannot be found in the language bundle for the locale [zh_CN]
2018-07-27 16:36:03,649 WARN [org.jasig.cas.web.view.CasReloadableMessageBundle] - The code [copyright] cannot be found in the language bundle for the locale [zh_CN]
2018-07-27 16:36:10,876 INFO [org.jasig.cas.authentication.PolicyBasedAuthenticationManager] - AcceptUsersAuthenticationHandler failed authenticating zhang+password
2018-07-27 16:36:10,876 INFO [com.github.inspektr.audit.support.Slf4jLoggingAuditTrailManager] - Audit trail record BEGIN
=============================================================
WHO: audit:unknown
WHAT: supplied credentials: [zhang+password]
ACTION: AUTHENTICATION_FAILED
APPLICATION: CAS
WHEN: Fri Jul 27 16:36:10 CST 2018
CLIENT IP ADDRESS: 0:0:0:0:0:0:0:1
SERVER IP ADDRESS: 0:0:0:0:0:0:0:1
=============================================================


2018-07-27 16:36:10,877 INFO [com.github.inspektr.audit.support.Slf4jLoggingAuditTrailManager] - Audit trail record BEGIN
=============================================================
WHO: audit:unknown
WHAT: 1 errors, 0 successes
ACTION: TICKET_GRANTING_TICKET_NOT_CREATED
APPLICATION: CAS
WHEN: Fri Jul 27 16:36:10 CST 2018
CLIENT IP ADDRESS: 0:0:0:0:0:0:0:1
SERVER IP ADDRESS: 0:0:0:0:0:0:0:1
=============================================================


2018-07-27 16:36:10,907 WARN [org.jasig.cas.web.view.CasReloadableMessageBundle] - The code [authenticationFailure.FailedLoginException] cannot be found in the language bundle for the locale [zh_CN]
2018-07-27 16:36:10,908 WARN [org.jasig.cas.web.view.CasReloadableMessageBundle] - The code [logo.title] cannot be found in the language bundle for the locale [zh_CN]
2018-07-27 16:36:10,909 WARN [org.jasig.cas.web.view.CasReloadableMessageBundle] - The code [screen.welcome.instructions] cannot be found in the language bundle for the locale [zh_CN]
2018-07-27 16:36:10,909 WARN [org.jasig.cas.web.view.CasReloadableMessageBundle] - The code [screen.welcome.label.netid] cannot be found in the language bundle for the locale [zh_CN]
2018-07-27 16:36:10,909 WARN [org.jasig.cas.web.view.CasReloadableMessageBundle] - The code [screen.welcome.label.netid.accesskey] cannot be found in the language bundle for the locale [zh_CN]
2018-07-27 16:36:10,910 WARN [org.jasig.cas.web.view.CasReloadableMessageBundle] - The code [screen.welcome.label.password] cannot be found in the language bundle for the locale [zh_CN]
2018-07-27 16:36:10,910 WARN [org.jasig.cas.web.view.CasReloadableMessageBundle] - The code [screen.welcome.label.password.accesskey] cannot be found in the language bundle for the locale [zh_CN]
2018-07-27 16:36:10,910 WARN [org.jasig.cas.web.view.CasReloadableMessageBundle] - The code [screen.welcome.label.warn.accesskey] cannot be found in the language bundle for the locale [zh_CN]
2018-07-27 16:36:10,910 WARN [org.jasig.cas.web.view.CasReloadableMessageBundle] - The code [screen.welcome.label.warn] cannot be found in the language bundle for the locale [zh_CN]
2018-07-27 16:36:10,910 WARN [org.jasig.cas.web.view.CasReloadableMessageBundle] - The code [screen.welcome.button.login] cannot be found in the language bundle for the locale [zh_CN]
2018-07-27 16:36:10,910 WARN [org.jasig.cas.web.view.CasReloadableMessageBundle] - The code [screen.welcome.button.clear] cannot be found in the language bundle for the locale [zh_CN]
2018-07-27 16:36:10,910 WARN [org.jasig.cas.web.view.CasReloadableMessageBundle] - The code [screen.welcome.security] cannot be found in the language bundle for the locale [zh_CN]
2018-07-27 16:36:10,910 WARN [org.jasig.cas.web.view.CasReloadableMessageBundle] - The code [copyright] cannot be found in the language bundle for the locale [zh_CN]
2018-07-27 16:36:19,258 INFO [org.jasig.cas.authentication.PolicyBasedAuthenticationManager] - AcceptUsersAuthenticationHandler successfully authenticated zhang+password
2018-07-27 16:36:19,258 INFO [org.jasig.cas.authentication.PolicyBasedAuthenticationManager] - Authenticated zhang with credentials [zhang+password].
2018-07-27 16:36:19,258 INFO [com.github.inspektr.audit.support.Slf4jLoggingAuditTrailManager] - Audit trail record BEGIN
=============================================================
WHO: audit:unknown
WHAT: supplied credentials: [zhang+password]
ACTION: AUTHENTICATION_SUCCESS
APPLICATION: CAS
WHEN: Fri Jul 27 16:36:19 CST 2018
CLIENT IP ADDRESS: 0:0:0:0:0:0:0:1
SERVER IP ADDRESS: 0:0:0:0:0:0:0:1
=============================================================


2018-07-27 16:36:19,258 INFO [com.github.inspektr.audit.support.Slf4jLoggingAuditTrailManager] - Audit trail record BEGIN
=============================================================
WHO: audit:unknown
WHAT: TGT-2-bf9ENAmxUdv4zwMhuyNtuszoCqlXBOTraqCE5pzmdMajQ7npCP-cas01.example.org
ACTION: TICKET_GRANTING_TICKET_CREATED
APPLICATION: CAS
WHEN: Fri Jul 27 16:36:19 CST 2018
CLIENT IP ADDRESS: 0:0:0:0:0:0:0:1
SERVER IP ADDRESS: 0:0:0:0:0:0:0:1
=============================================================


2018-07-27 16:36:19,260 WARN [org.jasig.cas.web.view.CasReloadableMessageBundle] - The code [logo.title] cannot be found in the language bundle for the locale [zh_CN]
2018-07-27 16:36:19,260 WARN [org.jasig.cas.web.view.CasReloadableMessageBundle] - The code [screen.success.header] cannot be found in the language bundle for the locale [zh_CN]
2018-07-27 16:36:19,261 WARN [org.jasig.cas.web.view.CasReloadableMessageBundle] - The code [screen.success.success] cannot be found in the language bundle for the locale [zh_CN]
2018-07-27 16:36:19,261 WARN [org.jasig.cas.web.view.CasReloadableMessageBundle] - The code [screen.success.security] cannot be found in the language bundle for the locale [zh_CN]
2018-07-27 16:36:19,261 WARN [org.jasig.cas.web.view.CasReloadableMessageBundle] - The code [copyright] cannot be found in the language bundle for the locale [zh_CN]
2018-07-27 16:36:21,305 INFO [org.jasig.cas.services.DefaultServicesManagerImpl] - Reloading registered services.
2018-07-27 16:36:21,305 INFO [org.jasig.cas.services.DefaultServicesManagerImpl] - Loaded 1 services.
2018-07-27 16:36:34,399 WARN [org.jasig.cas.web.view.CasReloadableMessageBundle] - The code [logo.title] cannot be found in the language bundle for the locale [zh_CN]
2018-07-27 16:36:34,399 WARN [org.jasig.cas.web.view.CasReloadableMessageBundle] - The code [screen.welcome.instructions] cannot be found in the language bundle for the locale [zh_CN]
2018-07-27 16:36:34,399 WARN [org.jasig.cas.web.view.CasReloadableMessageBundle] - The code [screen.welcome.label.netid] cannot be found in the language bundle for the locale [zh_CN]
2018-07-27 16:36:34,399 WARN [org.jasig.cas.web.view.CasReloadableMessageBundle] - The code [screen.welcome.label.netid.accesskey] cannot be found in the language bundle for the locale [zh_CN]
2018-07-27 16:36:34,400 WARN [org.jasig.cas.web.view.CasReloadableMessageBundle] - The code [screen.welcome.label.password] cannot be found in the language bundle for the locale [zh_CN]
2018-07-27 16:36:34,400 WARN [org.jasig.cas.web.view.CasReloadableMessageBundle] - The code [screen.welcome.label.password.accesskey] cannot be found in the language bundle for the locale [zh_CN]
2018-07-27 16:36:34,401 WARN [org.jasig.cas.web.view.CasReloadableMessageBundle] - The code [screen.welcome.label.warn.accesskey] cannot be found in the language bundle for the locale [zh_CN]
2018-07-27 16:36:34,401 WARN [org.jasig.cas.web.view.CasReloadableMessageBundle] - The code [screen.welcome.label.warn] cannot be found in the language bundle for the locale [zh_CN]
2018-07-27 16:36:34,401 WARN [org.jasig.cas.web.view.CasReloadableMessageBundle] - The code [screen.welcome.button.login] cannot be found in the language bundle for the locale [zh_CN]
2018-07-27 16:36:34,401 WARN [org.jasig.cas.web.view.CasReloadableMessageBundle] - The code [screen.welcome.button.clear] cannot be found in the language bundle for the locale [zh_CN]
2018-07-27 16:36:34,401 WARN [org.jasig.cas.web.view.CasReloadableMessageBundle] - The code [screen.welcome.security] cannot be found in the language bundle for the locale [zh_CN]
2018-07-27 16:36:34,402 WARN [org.jasig.cas.web.view.CasReloadableMessageBundle] - The code [copyright] cannot be found in the language bundle for the locale [zh_CN]
2018-07-27 16:38:21,305 INFO [org.jasig.cas.services.DefaultServicesManagerImpl] - Reloading registered services.
2018-07-27 16:38:21,305 INFO [org.jasig.cas.services.DefaultServicesManagerImpl] - Loaded 1 services.
2018-07-27 16:40:21,305 INFO [org.jasig.cas.services.DefaultServicesManagerImpl] - Reloading registered services.
2018-07-27 16:40:21,305 INFO [org.jasig.cas.services.DefaultServicesManagerImpl] - Loaded 1 services.
2018-07-27 16:42:21,304 INFO [org.jasig.cas.services.DefaultServicesManagerImpl] - Reloading registered services.
2018-07-27 16:42:21,304 INFO [org.jasig.cas.services.DefaultServicesManagerImpl] - Loaded 1 services.
2018-07-27 16:44:21,304 INFO [org.jasig.cas.services.DefaultServicesManagerImpl] - Reloading registered services.
2018-07-27 16:44:21,304 INFO [org.jasig.cas.services.DefaultServicesManagerImpl] - Loaded 1 services.
2018-07-27 16:46:21,304 INFO [org.jasig.cas.services.DefaultServicesManagerImpl] - Reloading registered services.
2018-07-27 16:46:21,304 INFO [org.jasig.cas.services.DefaultServicesManagerImpl] - Loaded 1 services.
2018-07-27 16:48:21,304 INFO [org.jasig.cas.services.DefaultServicesManagerImpl] - Reloading registered services.
2018-07-27 16:48:21,304 INFO [org.jasig.cas.services.DefaultServicesManagerImpl] - Loaded 1 services.
2018-07-27 16:50:21,305 INFO [org.jasig.cas.services.DefaultServicesManagerImpl] - Reloading registered services.
2018-07-27 16:50:21,305 INFO [org.jasig.cas.services.DefaultServicesManagerImpl] - Loaded 1 services.
2018-07-27 16:52:21,305 INFO [org.jasig.cas.services.DefaultServicesManagerImpl] - Reloading registered services.
2018-07-27 16:52:21,305 INFO [org.jasig.cas.services.DefaultServicesManagerImpl] - Loaded 1 services.
2018-07-27 16:53:37,545 INFO [org.jasig.cas.services.DefaultServicesManagerImpl] - Loaded 1 services.
2018-07-27 16:53:38,825 INFO [org.jasig.cas.util.AutowiringSchedulerFactoryBean] - Starting Quartz Scheduler now
2018-07-27 16:53:57,662 INFO [org.jasig.cas.ticket.registry.support.DefaultTicketRegistryCleaner] - Beginning ticket cleanup.
2018-07-27 16:53:57,664 INFO [org.jasig.cas.ticket.registry.support.DefaultTicketRegistryCleaner] - 0 tickets found to be removed.
2018-07-27 16:53:57,664 INFO [org.jasig.cas.ticket.registry.support.DefaultTicketRegistryCleaner] - Finished ticket cleanup.
2018-07-27 16:54:15,489 INFO [org.jasig.cas.web.flow.InitialFlowSetupAction] - Setting path for cookies to: /shiro-cas/
2018-07-27 16:54:15,489 INFO [org.jasig.cas.web.flow.InitialFlowSetupAction] - Setting path for cookies to: /shiro-cas/
2018-07-27 16:54:16,729 WARN [org.jasig.cas.web.view.CasReloadableMessageBundle] - The code [logo.title] cannot be found in the language bundle for the locale [zh_CN]
2018-07-27 16:54:16,753 WARN [org.jasig.cas.web.view.CasReloadableMessageBundle] - The code [screen.welcome.instructions] cannot be found in the language bundle for the locale [zh_CN]
2018-07-27 16:54:16,753 WARN [org.jasig.cas.web.view.CasReloadableMessageBundle] - The code [screen.welcome.label.netid] cannot be found in the language bundle for the locale [zh_CN]
2018-07-27 16:54:16,755 WARN [org.jasig.cas.web.view.CasReloadableMessageBundle] - The code [screen.welcome.label.netid.accesskey] cannot be found in the language bundle for the locale [zh_CN]
2018-07-27 16:54:16,757 WARN [org.jasig.cas.web.view.CasReloadableMessageBundle] - The code [screen.welcome.label.password] cannot be found in the language bundle for the locale [zh_CN]
2018-07-27 16:54:16,758 WARN [org.jasig.cas.web.view.CasReloadableMessageBundle] - The code [screen.welcome.label.password.accesskey] cannot be found in the language bundle for the locale [zh_CN]
2018-07-27 16:54:16,759 WARN [org.jasig.cas.web.view.CasReloadableMessageBundle] - The code [screen.welcome.label.warn.accesskey] cannot be found in the language bundle for the locale [zh_CN]
2018-07-27 16:54:16,759 WARN [org.jasig.cas.web.view.CasReloadableMessageBundle] - The code [screen.welcome.label.warn] cannot be found in the language bundle for the locale [zh_CN]
2018-07-27 16:54:16,759 WARN [org.jasig.cas.web.view.CasReloadableMessageBundle] - The code [screen.welcome.button.login] cannot be found in the language bundle for the locale [zh_CN]
2018-07-27 16:54:16,759 WARN [org.jasig.cas.web.view.CasReloadableMessageBundle] - The code [screen.welcome.button.clear] cannot be found in the language bundle for the locale [zh_CN]
2018-07-27 16:54:16,759 WARN [org.jasig.cas.web.view.CasReloadableMessageBundle] - The code [screen.welcome.security] cannot be found in the language bundle for the locale [zh_CN]
2018-07-27 16:54:16,761 WARN [org.jasig.cas.web.view.CasReloadableMessageBundle] - The code [copyright] cannot be found in the language bundle for the locale [zh_CN]
2018-07-27 16:54:27,895 INFO [org.jasig.cas.authentication.PolicyBasedAuthenticationManager] - AcceptUsersAuthenticationHandler successfully authenticated zhang+password
2018-07-27 16:54:27,896 INFO [org.jasig.cas.authentication.PolicyBasedAuthenticationManager] - Authenticated zhang with credentials [zhang+password].
2018-07-27 16:54:27,899 INFO [com.github.inspektr.audit.support.Slf4jLoggingAuditTrailManager] - Audit trail record BEGIN
=============================================================
WHO: audit:unknown
WHAT: supplied credentials: [zhang+password]
ACTION: AUTHENTICATION_SUCCESS
APPLICATION: CAS
WHEN: Fri Jul 27 16:54:27 CST 2018
CLIENT IP ADDRESS: 0:0:0:0:0:0:0:1
SERVER IP ADDRESS: 0:0:0:0:0:0:0:1
=============================================================


2018-07-27 16:54:27,900 INFO [com.github.inspektr.audit.support.Slf4jLoggingAuditTrailManager] - Audit trail record BEGIN
=============================================================
WHO: audit:unknown
WHAT: TGT-1-FePBp1sWGkTyvwT0CXVWnO3Wm5fieXa5FPZaKSNa3uml0ArCXc-cas01.example.org
ACTION: TICKET_GRANTING_TICKET_CREATED
APPLICATION: CAS
WHEN: Fri Jul 27 16:54:27 CST 2018
CLIENT IP ADDRESS: 0:0:0:0:0:0:0:1
SERVER IP ADDRESS: 0:0:0:0:0:0:0:1
=============================================================


2018-07-27 16:54:28,023 WARN [org.jasig.cas.web.view.CasReloadableMessageBundle] - The code [logo.title] cannot be found in the language bundle for the locale [zh_CN]
2018-07-27 16:54:28,023 WARN [org.jasig.cas.web.view.CasReloadableMessageBundle] - The code [screen.success.header] cannot be found in the language bundle for the locale [zh_CN]
2018-07-27 16:54:28,023 WARN [org.jasig.cas.web.view.CasReloadableMessageBundle] - The code [screen.success.success] cannot be found in the language bundle for the locale [zh_CN]
2018-07-27 16:54:28,023 WARN [org.jasig.cas.web.view.CasReloadableMessageBundle] - The code [screen.success.security] cannot be found in the language bundle for the locale [zh_CN]
2018-07-27 16:54:28,023 WARN [org.jasig.cas.web.view.CasReloadableMessageBundle] - The code [copyright] cannot be found in the language bundle for the locale [zh_CN]
2018-07-27 16:54:32,107 WARN [org.jasig.cas.web.view.CasReloadableMessageBundle] - The code [logo.title] cannot be found in the language bundle for the locale [zh_CN]
2018-07-27 16:54:32,107 WARN [org.jasig.cas.web.view.CasReloadableMessageBundle] - The code [screen.success.header] cannot be found in the language bundle for the locale [zh_CN]
2018-07-27 16:54:32,107 WARN [org.jasig.cas.web.view.CasReloadableMessageBundle] - The code [screen.success.success] cannot be found in the language bundle for the locale [zh_CN]
2018-07-27 16:54:32,107 WARN [org.jasig.cas.web.view.CasReloadableMessageBundle] - The code [screen.success.security] cannot be found in the language bundle for the locale [zh_CN]
2018-07-27 16:54:32,107 WARN [org.jasig.cas.web.view.CasReloadableMessageBundle] - The code [copyright] cannot be found in the language bundle for the locale [zh_CN]
2018-07-27 16:54:36,754 WARN [org.jasig.cas.web.view.CasReloadableMessageBundle] - The code [logo.title] cannot be found in the language bundle for the locale [zh_CN]
2018-07-27 16:54:36,754 WARN [org.jasig.cas.web.view.CasReloadableMessageBundle] - The code [screen.success.header] cannot be found in the language bundle for the locale [zh_CN]
2018-07-27 16:54:36,754 WARN [org.jasig.cas.web.view.CasReloadableMessageBundle] - The code [screen.success.success] cannot be found in the language bundle for the locale [zh_CN]
2018-07-27 16:54:36,754 WARN [org.jasig.cas.web.view.CasReloadableMessageBundle] - The code [screen.success.security] cannot be found in the language bundle for the locale [zh_CN]
2018-07-27 16:54:36,754 WARN [org.jasig.cas.web.view.CasReloadableMessageBundle] - The code [copyright] cannot be found in the language bundle for the locale [zh_CN]
2018-07-27 16:54:43,710 WARN [org.jasig.cas.web.view.CasReloadableMessageBundle] - The code [logo.title] cannot be found in the language bundle for the locale [zh_CN]
2018-07-27 16:54:43,710 WARN [org.jasig.cas.web.view.CasReloadableMessageBundle] - The code [screen.success.header] cannot be found in the language bundle for the locale [zh_CN]
2018-07-27 16:54:43,711 WARN [org.jasig.cas.web.view.CasReloadableMessageBundle] - The code [screen.success.success] cannot be found in the language bundle for the locale [zh_CN]
2018-07-27 16:54:43,711 WARN [org.jasig.cas.web.view.CasReloadableMessageBundle] - The code [screen.success.security] cannot be found in the language bundle for the locale [zh_CN]
2018-07-27 16:54:43,711 WARN [org.jasig.cas.web.view.CasReloadableMessageBundle] - The code [copyright] cannot be found in the language bundle for the locale [zh_CN]
2018-07-27 16:54:49,193 WARN [org.jasig.cas.web.view.CasReloadableMessageBundle] - The code [logo.title] cannot be found in the language bundle for the locale [zh_CN]
2018-07-27 16:54:49,193 WARN [org.jasig.cas.web.view.CasReloadableMessageBundle] - The code [screen.success.header] cannot be found in the language bundle for the locale [zh_CN]
2018-07-27 16:54:49,193 WARN [org.jasig.cas.web.view.CasReloadableMessageBundle] - The code [screen.success.success] cannot be found in the language bundle for the locale [zh_CN]
2018-07-27 16:54:49,193 WARN [org.jasig.cas.web.view.CasReloadableMessageBundle] - The code [screen.success.security] cannot be found in the language bundle for the locale [zh_CN]
2018-07-27 16:54:49,193 WARN [org.jasig.cas.web.view.CasReloadableMessageBundle] - The code [copyright] cannot be found in the language bundle for the locale [zh_CN]
2018-07-27 16:55:09,184 WARN [org.jasig.cas.web.view.CasReloadableMessageBundle] - The code [logo.title] cannot be found in the language bundle for the locale [zh_CN]
2018-07-27 16:55:09,184 WARN [org.jasig.cas.web.view.CasReloadableMessageBundle] - The code [screen.welcome.instructions] cannot be found in the language bundle for the locale [zh_CN]
2018-07-27 16:55:09,184 WARN [org.jasig.cas.web.view.CasReloadableMessageBundle] - The code [screen.welcome.label.netid] cannot be found in the language bundle for the locale [zh_CN]
2018-07-27 16:55:09,184 WARN [org.jasig.cas.web.view.CasReloadableMessageBundle] - The code [screen.welcome.label.netid.accesskey] cannot be found in the language bundle for the locale [zh_CN]
2018-07-27 16:55:09,185 WARN [org.jasig.cas.web.view.CasReloadableMessageBundle] - The code [screen.welcome.label.password] cannot be found in the language bundle for the locale [zh_CN]
2018-07-27 16:55:09,185 WARN [org.jasig.cas.web.view.CasReloadableMessageBundle] - The code [screen.welcome.label.password.accesskey] cannot be found in the language bundle for the locale [zh_CN]
2018-07-27 16:55:09,186 WARN [org.jasig.cas.web.view.CasReloadableMessageBundle] - The code [screen.welcome.label.warn.accesskey] cannot be found in the language bundle for the locale [zh_CN]
2018-07-27 16:55:09,186 WARN [org.jasig.cas.web.view.CasReloadableMessageBundle] - The code [screen.welcome.label.warn] cannot be found in the language bundle for the locale [zh_CN]
2018-07-27 16:55:09,186 WARN [org.jasig.cas.web.view.CasReloadableMessageBundle] - The code [screen.welcome.button.login] cannot be found in the language bundle for the locale [zh_CN]
2018-07-27 16:55:09,186 WARN [org.jasig.cas.web.view.CasReloadableMessageBundle] - The code [screen.welcome.button.clear] cannot be found in the language bundle for the locale [zh_CN]
2018-07-27 16:55:09,187 WARN [org.jasig.cas.web.view.CasReloadableMessageBundle] - The code [screen.welcome.security] cannot be found in the language bundle for the locale [zh_CN]
2018-07-27 16:55:09,187 WARN [org.jasig.cas.web.view.CasReloadableMessageBundle] - The code [copyright] cannot be found in the language bundle for the locale [zh_CN]
2018-07-27 16:55:22,308 WARN [org.jasig.cas.web.view.CasReloadableMessageBundle] - The code [logo.title] cannot be found in the language bundle for the locale [zh_CN]
2018-07-27 16:55:22,308 WARN [org.jasig.cas.web.view.CasReloadableMessageBundle] - The code [screen.welcome.instructions] cannot be found in the language bundle for the locale [zh_CN]
2018-07-27 16:55:22,308 WARN [org.jasig.cas.web.view.CasReloadableMessageBundle] - The code [screen.welcome.label.netid] cannot be found in the language bundle for the locale [zh_CN]
2018-07-27 16:55:22,308 WARN [org.jasig.cas.web.view.CasReloadableMessageBundle] - The code [screen.welcome.label.netid.accesskey] cannot be found in the language bundle for the locale [zh_CN]
2018-07-27 16:55:22,309 WARN [org.jasig.cas.web.view.CasReloadableMessageBundle] - The code [screen.welcome.label.password] cannot be found in the language bundle for the locale [zh_CN]
2018-07-27 16:55:22,309 WARN [org.jasig.cas.web.view.CasReloadableMessageBundle] - The code [screen.welcome.label.password.accesskey] cannot be found in the language bundle for the locale [zh_CN]
2018-07-27 16:55:22,309 WARN [org.jasig.cas.web.view.CasReloadableMessageBundle] - The code [screen.welcome.label.warn.accesskey] cannot be found in the language bundle for the locale [zh_CN]
2018-07-27 16:55:22,310 WARN [org.jasig.cas.web.view.CasReloadableMessageBundle] - The code [screen.welcome.label.warn] cannot be found in the language bundle for the locale [zh_CN]
2018-07-27 16:55:22,310 WARN [org.jasig.cas.web.view.CasReloadableMessageBundle] - The code [screen.welcome.button.login] cannot be found in the language bundle for the locale [zh_CN]
2018-07-27 16:55:22,310 WARN [org.jasig.cas.web.view.CasReloadableMessageBundle] - The code [screen.welcome.button.clear] cannot be found in the language bundle for the locale [zh_CN]
2018-07-27 16:55:22,310 WARN [org.jasig.cas.web.view.CasReloadableMessageBundle] - The code [screen.welcome.security] cannot be found in the language bundle for the locale [zh_CN]
2018-07-27 16:55:22,310 WARN [org.jasig.cas.web.view.CasReloadableMessageBundle] - The code [copyright] cannot be found in the language bundle for the locale [zh_CN]
2018-07-27 16:55:37,744 WARN [org.jasig.cas.web.view.CasReloadableMessageBundle] - The code [logo.title] cannot be found in the language bundle for the locale [zh_CN]
2018-07-27 16:55:37,744 WARN [org.jasig.cas.web.view.CasReloadableMessageBundle] - The code [screen.success.header] cannot be found in the language bundle for the locale [zh_CN]
2018-07-27 16:55:37,744 WARN [org.jasig.cas.web.view.CasReloadableMessageBundle] - The code [screen.success.success] cannot be found in the language bundle for the locale [zh_CN]
2018-07-27 16:55:37,744 WARN [org.jasig.cas.web.view.CasReloadableMessageBundle] - The code [screen.success.security] cannot be found in the language bundle for the locale [zh_CN]
2018-07-27 16:55:37,744 WARN [org.jasig.cas.web.view.CasReloadableMessageBundle] - The code [copyright] cannot be found in the language bundle for the locale [zh_CN]
2018-07-27 16:55:37,920 INFO [org.jasig.cas.services.DefaultServicesManagerImpl] - Reloading registered services.
2018-07-27 16:55:37,920 INFO [org.jasig.cas.services.DefaultServicesManagerImpl] - Loaded 1 services.
2018-07-27 16:55:38,207 WARN [org.jasig.cas.web.view.CasReloadableMessageBundle] - The code [logo.title] cannot be found in the language bundle for the locale [zh_CN]
2018-07-27 16:55:38,207 WARN [org.jasig.cas.web.view.CasReloadableMessageBundle] - The code [screen.success.header] cannot be found in the language bundle for the locale [zh_CN]
2018-07-27 16:55:38,207 WARN [org.jasig.cas.web.view.CasReloadableMessageBundle] - The code [screen.success.success] cannot be found in the language bundle for the locale [zh_CN]
2018-07-27 16:55:38,207 WARN [org.jasig.cas.web.view.CasReloadableMessageBundle] - The code [screen.success.security] cannot be found in the language bundle for the locale [zh_CN]
2018-07-27 16:55:38,208 WARN [org.jasig.cas.web.view.CasReloadableMessageBundle] - The code [copyright] cannot be found in the language bundle for the locale [zh_CN]
2018-07-27 16:57:37,920 INFO [org.jasig.cas.services.DefaultServicesManagerImpl] - Reloading registered services.
2018-07-27 16:57:37,920 INFO [org.jasig.cas.services.DefaultServicesManagerImpl] - Loaded 1 services.
2018-07-27 16:59:37,920 INFO [org.jasig.cas.services.DefaultServicesManagerImpl] - Reloading registered services.
2018-07-27 16:59:37,920 INFO [org.jasig.cas.services.DefaultServicesManagerImpl] - Loaded 1 services.
2018-07-27 17:01:37,920 INFO [org.jasig.cas.services.DefaultServicesManagerImpl] - Reloading registered services.
2018-07-27 17:01:37,920 INFO [org.jasig.cas.services.DefaultServicesManagerImpl] - Loaded 1 services.
2018-07-27 17:03:37,919 INFO [org.jasig.cas.services.DefaultServicesManagerImpl] - Reloading registered services.
2018-07-27 17:03:37,919 INFO [org.jasig.cas.services.DefaultServicesManagerImpl] - Loaded 1 services.
2018-07-27 17:05:37,919 INFO [org.jasig.cas.services.DefaultServicesManagerImpl] - Reloading registered services.
2018-07-27 17:05:37,919 INFO [org.jasig.cas.services.DefaultServicesManagerImpl] - Loaded 1 services.
2018-07-27 17:07:37,919 INFO [org.jasig.cas.services.DefaultServicesManagerImpl] - Reloading registered services.
2018-07-27 17:07:37,919 INFO [org.jasig.cas.services.DefaultServicesManagerImpl] - Loaded 1 services.
2018-07-27 17:09:37,920 INFO [org.jasig.cas.services.DefaultServicesManagerImpl] - Reloading registered services.
2018-07-27 17:09:37,920 INFO [org.jasig.cas.services.DefaultServicesManagerImpl] - Loaded 1 services.
2018-07-27 17:11:37,920 INFO [org.jasig.cas.services.DefaultServicesManagerImpl] - Reloading registered services.
2018-07-27 17:11:37,920 INFO [org.jasig.cas.services.DefaultServicesManagerImpl] - Loaded 1 services.
2018-07-27 17:13:37,920 INFO [org.jasig.cas.services.DefaultServicesManagerImpl] - Reloading registered services.
2018-07-27 17:13:37,920 INFO [org.jasig.cas.services.DefaultServicesManagerImpl] - Loaded 1 services.
2018-07-27 17:15:37,920 INFO [org.jasig.cas.services.DefaultServicesManagerImpl] - Reloading registered services.
2018-07-27 17:15:37,920 INFO [org.jasig.cas.services.DefaultServicesManagerImpl] - Loaded 1 services.
2018-07-27 17:17:37,920 INFO [org.jasig.cas.services.DefaultServicesManagerImpl] - Reloading registered services.
2018-07-27 17:17:37,920 INFO [org.jasig.cas.services.DefaultServicesManagerImpl] - Loaded 1 services.
2018-07-27 17:19:37,919 INFO [org.jasig.cas.services.DefaultServicesManagerImpl] - Reloading registered services.
2018-07-27 17:19:37,919 INFO [org.jasig.cas.services.DefaultServicesManagerImpl] - Loaded 1 services.
2018-07-27 17:21:37,920 INFO [org.jasig.cas.services.DefaultServicesManagerImpl] - Reloading registered services.
2018-07-27 17:21:37,920 INFO [org.jasig.cas.services.DefaultServicesManagerImpl] - Loaded 1 services.
2018-07-27 17:23:37,921 INFO [org.jasig.cas.services.DefaultServicesManagerImpl] - Reloading registered services.
2018-07-27 17:23:37,921 INFO [org.jasig.cas.services.DefaultServicesManagerImpl] - Loaded 1 services.
2018-07-27 17:25:37,920 INFO [org.jasig.cas.services.DefaultServicesManagerImpl] - Reloading registered services.
2018-07-27 17:25:37,921 INFO [org.jasig.cas.services.DefaultServicesManagerImpl] - Loaded 1 services.
2018-07-27 17:27:37,920 INFO [org.jasig.cas.services.DefaultServicesManagerImpl] - Reloading registered services.
2018-07-27 17:27:37,920 INFO [org.jasig.cas.services.DefaultServicesManagerImpl] - Loaded 1 services.
2018-07-27 17:29:37,919 INFO [org.jasig.cas.services.DefaultServicesManagerImpl] - Reloading registered services.
2018-07-27 17:29:37,919 INFO [org.jasig.cas.services.DefaultServicesManagerImpl] - Loaded 1 services.
2018-07-27 17:31:37,920 INFO [org.jasig.cas.services.DefaultServicesManagerImpl] - Reloading registered services.
2018-07-27 17:31:37,921 INFO [org.jasig.cas.services.DefaultServicesManagerImpl] - Loaded 1 services.
2018-07-27 17:33:37,919 INFO [org.jasig.cas.services.DefaultServicesManagerImpl] - Reloading registered services.
2018-07-27 17:33:37,919 INFO [org.jasig.cas.services.DefaultServicesManagerImpl] - Loaded 1 services.
2018-07-27 17:35:37,920 INFO [org.jasig.cas.services.DefaultServicesManagerImpl] - Reloading registered services.
2018-07-27 17:35:37,920 INFO [org.jasig.cas.services.DefaultServicesManagerImpl] - Loaded 1 services.
2018-07-27 17:37:37,920 INFO [org.jasig.cas.services.DefaultServicesManagerImpl] - Reloading registered services.
2018-07-27 17:37:37,920 INFO [org.jasig.cas.services.DefaultServicesManagerImpl] - Loaded 1 services.
2018-07-27 17:39:37,920 INFO [org.jasig.cas.services.DefaultServicesManagerImpl] - Reloading registered services.
2018-07-27 17:39:37,920 INFO [org.jasig.cas.services.DefaultServicesManagerImpl] - Loaded 1 services.
2018-07-27 17:41:37,920 INFO [org.jasig.cas.services.DefaultServicesManagerImpl] - Reloading registered services.
2018-07-27 17:41:37,920 INFO [org.jasig.cas.services.DefaultServicesManagerImpl] - Loaded 1 services.
2018-07-27 17:43:37,920 INFO [org.jasig.cas.services.DefaultServicesManagerImpl] - Reloading registered services.
2018-07-27 17:43:37,920 INFO [org.jasig.cas.services.DefaultServicesManagerImpl] - Loaded 1 services.
2018-07-27 17:45:37,920 INFO [org.jasig.cas.services.DefaultServicesManagerImpl] - Reloading registered services.
2018-07-27 17:45:37,920 INFO [org.jasig.cas.services.DefaultServicesManagerImpl] - Loaded 1 services.
2018-07-27 17:47:37,919 INFO [org.jasig.cas.services.DefaultServicesManagerImpl] - Reloading registered services.
2018-07-27 17:47:37,919 INFO [org.jasig.cas.services.DefaultServicesManagerImpl] - Loaded 1 services.
2018-07-27 17:49:37,919 INFO [org.jasig.cas.services.DefaultServicesManagerImpl] - Reloading registered services.
2018-07-27 17:49:37,919 INFO [org.jasig.cas.services.DefaultServicesManagerImpl] - Loaded 1 services.
2018-07-27 17:51:37,919 INFO [org.jasig.cas.services.DefaultServicesManagerImpl] - Reloading registered services.
2018-07-27 17:51:37,919 INFO [org.jasig.cas.services.DefaultServicesManagerImpl] - Loaded 1 services.
2018-07-27 17:53:37,920 INFO [org.jasig.cas.services.DefaultServicesManagerImpl] - Reloading registered services.
2018-07-27 17:53:37,920 INFO [org.jasig.cas.services.DefaultServicesManagerImpl] - Loaded 1 services.
2018-07-27 17:55:37,920 INFO [org.jasig.cas.services.DefaultServicesManagerImpl] - Reloading registered services.
2018-07-27 17:55:37,920 INFO [org.jasig.cas.services.DefaultServicesManagerImpl] - Loaded 1 services.
2018-07-27 17:57:37,920 INFO [org.jasig.cas.services.DefaultServicesManagerImpl] - Reloading registered services.
2018-07-27 17:57:37,920 INFO [org.jasig.cas.services.DefaultServicesManagerImpl] - Loaded 1 services.
2018-07-27 17:59:37,920 INFO [org.jasig.cas.services.DefaultServicesManagerImpl] - Reloading registered services.
2018-07-27 17:59:37,920 INFO [org.jasig.cas.services.DefaultServicesManagerImpl] - Loaded 1 services.
2018-07-27 18:01:37,920 INFO [org.jasig.cas.services.DefaultServicesManagerImpl] - Reloading registered services.
2018-07-27 18:01:37,920 INFO [org.jasig.cas.services.DefaultServicesManagerImpl] - Loaded 1 services.
2018-07-27 18:03:37,919 INFO [org.jasig.cas.services.DefaultServicesManagerImpl] - Reloading registered services.
2018-07-27 18:03:37,919 INFO [org.jasig.cas.services.DefaultServicesManagerImpl] - Loaded 1 services.
2018-07-27 18:05:37,919 INFO [org.jasig.cas.services.DefaultServicesManagerImpl] - Reloading registered services.
2018-07-27 18:05:37,919 INFO [org.jasig.cas.services.DefaultServicesManagerImpl] - Loaded 1 services.
2018-07-27 18:07:37,920 INFO [org.jasig.cas.services.DefaultServicesManagerImpl] - Reloading registered services.
2018-07-27 18:07:37,920 INFO [org.jasig.cas.services.DefaultServicesManagerImpl] - Loaded 1 services.
2018-07-27 18:09:37,920 INFO [org.jasig.cas.services.DefaultServicesManagerImpl] - Reloading registered services.
2018-07-27 18:09:37,920 INFO [org.jasig.cas.services.DefaultServicesManagerImpl] - Loaded 1 services.
2018-07-27 18:11:37,920 INFO [org.jasig.cas.services.DefaultServicesManagerImpl] - Reloading registered services.
2018-07-27 18:11:37,920 INFO [org.jasig.cas.services.DefaultServicesManagerImpl] - Loaded 1 services.
2018-07-27 18:13:37,920 INFO [org.jasig.cas.services.DefaultServicesManagerImpl] - Reloading registered services.
2018-07-27 18:13:37,920 INFO [org.jasig.cas.services.DefaultServicesManagerImpl] - Loaded 1 services.
2018-07-27 18:15:37,920 INFO [org.jasig.cas.services.DefaultServicesManagerImpl] - Reloading registered services.
2018-07-27 18:15:37,920 INFO [org.jasig.cas.services.DefaultServicesManagerImpl] - Loaded 1 services.
2018-07-27 18:17:17,655 INFO [org.jasig.cas.ticket.registry.support.DefaultTicketRegistryCleaner] - Beginning ticket cleanup.
2018-07-27 18:17:17,655 INFO [org.jasig.cas.ticket.registry.support.DefaultTicketRegistryCleaner] - 0 tickets found to be removed.
2018-07-27 18:17:17,655 INFO [org.jasig.cas.ticket.registry.support.DefaultTicketRegistryCleaner] - Finished ticket cleanup.
2018-07-27 18:17:37,919 INFO [org.jasig.cas.services.DefaultServicesManagerImpl] - Reloading registered services.
2018-07-27 18:17:37,919 INFO [org.jasig.cas.services.DefaultServicesManagerImpl] - Loaded 1 services.
2018-07-27 18:19:37,920 INFO [org.jasig.cas.services.DefaultServicesManagerImpl] - Reloading registered services.
2018-07-27 18:19:37,920 INFO [org.jasig.cas.services.DefaultServicesManagerImpl] - Loaded 1 services.
2018-07-27 18:21:37,920 INFO [org.jasig.cas.services.DefaultServicesManagerImpl] - Reloading registered services.
2018-07-27 18:21:37,920 INFO [org.jasig.cas.services.DefaultServicesManagerImpl] - Loaded 1 services.
2018-07-27 18:23:37,919 INFO [org.jasig.cas.services.DefaultServicesManagerImpl] - Reloading registered services.
2018-07-27 18:23:37,919 INFO [org.jasig.cas.services.DefaultServicesManagerImpl] - Loaded 1 services.
2018-07-27 18:25:37,919 INFO [org.jasig.cas.services.DefaultServicesManagerImpl] - Reloading registered services.
2018-07-27 18:25:37,919 INFO [org.jasig.cas.services.DefaultServicesManagerImpl] - Loaded 1 services.
2018-07-27 18:27:37,920 INFO [org.jasig.cas.services.DefaultServicesManagerImpl] - Reloading registered services.
2018-07-27 18:27:37,920 INFO [org.jasig.cas.services.DefaultServicesManagerImpl] - Loaded 1 services.
2018-07-27 18:29:37,920 INFO [org.jasig.cas.services.DefaultServicesManagerImpl] - Reloading registered services.
2018-07-27 18:29:37,920 INFO [org.jasig.cas.services.DefaultServicesManagerImpl] - Loaded 1 services.
2018-07-27 19:05:47,541 INFO [org.jasig.cas.services.DefaultServicesManagerImpl] - Reloading registered services.
2018-07-27 19:05:47,541 INFO [org.jasig.cas.services.DefaultServicesManagerImpl] - Loaded 1 services.
2018-07-27 19:07:37,919 INFO [org.jasig.cas.services.DefaultServicesManagerImpl] - Reloading registered services.
2018-07-27 19:07:37,919 INFO [org.jasig.cas.services.DefaultServicesManagerImpl] - Loaded 1 services.
2018-07-27 19:09:37,920 INFO [org.jasig.cas.services.DefaultServicesManagerImpl] - Reloading registered services.
2018-07-27 19:09:37,920 INFO [org.jasig.cas.services.DefaultServicesManagerImpl] - Loaded 1 services.
2018-07-27 19:11:37,920 INFO [org.jasig.cas.services.DefaultServicesManagerImpl] - Reloading registered services.
2018-07-27 19:11:37,920 INFO [org.jasig.cas.services.DefaultServicesManagerImpl] - Loaded 1 services.
2018-07-27 19:13:37,934 INFO [org.jasig.cas.services.DefaultServicesManagerImpl] - Reloading registered services.
2018-07-27 19:13:37,934 INFO [org.jasig.cas.services.DefaultServicesManagerImpl] - Loaded 1 services.
2018-07-27 19:15:37,919 INFO [org.jasig.cas.services.DefaultServicesManagerImpl] - Reloading registered services.
2018-07-27 19:15:37,919 INFO [org.jasig.cas.services.DefaultServicesManagerImpl] - Loaded 1 services.
2018-07-27 19:17:37,919 INFO [org.jasig.cas.services.DefaultServicesManagerImpl] - Reloading registered services.
2018-07-27 19:17:37,919 INFO [org.jasig.cas.services.DefaultServicesManagerImpl] - Loaded 1 services.
2018-07-27 19:19:37,919 INFO [org.jasig.cas.services.DefaultServicesManagerImpl] - Reloading registered services.
2018-07-27 19:19:37,919 INFO [org.jasig.cas.services.DefaultServicesManagerImpl] - Loaded 1 services.
2018-07-27 19:21:37,920 INFO [org.jasig.cas.services.DefaultServicesManagerImpl] - Reloading registered services.
2018-07-27 19:21:37,920 INFO [org.jasig.cas.services.DefaultServicesManagerImpl] - Loaded 1 services.
2018-07-27 19:23:37,920 INFO [org.jasig.cas.services.DefaultServicesManagerImpl] - Reloading registered services.
2018-07-27 19:23:37,920 INFO [org.jasig.cas.services.DefaultServicesManagerImpl] - Loaded 1 services.
2018-07-27 19:25:37,919 INFO [org.jasig.cas.services.DefaultServicesManagerImpl] - Reloading registered services.
2018-07-27 19:25:37,919 INFO [org.jasig.cas.services.DefaultServicesManagerImpl] - Loaded 1 services.
2018-07-27 19:27:37,919 INFO [org.jasig.cas.services.DefaultServicesManagerImpl] - Reloading registered services.
2018-07-27 19:27:37,919 INFO [org.jasig.cas.services.DefaultServicesManagerImpl] - Loaded 1 services.
2018-07-27 19:29:37,920 INFO [org.jasig.cas.services.DefaultServicesManagerImpl] - Reloading registered services.
2018-07-27 19:29:37,920 INFO [org.jasig.cas.services.DefaultServicesManagerImpl] - Loaded 1 services.
2018-07-27 19:31:37,919 INFO [org.jasig.cas.services.DefaultServicesManagerImpl] - Reloading registered services.
2018-07-27 19:31:37,919 INFO [org.jasig.cas.services.DefaultServicesManagerImpl] - Loaded 1 services.
2018-07-27 19:33:37,919 INFO [org.jasig.cas.services.DefaultServicesManagerImpl] - Reloading registered services.
2018-07-27 19:33:37,919 INFO [org.jasig.cas.services.DefaultServicesManagerImpl] - Loaded 1 services.
2018-07-27 19:35:37,920 INFO [org.jasig.cas.services.DefaultServicesManagerImpl] - Reloading registered services.
2018-07-27 19:35:37,920 INFO [org.jasig.cas.services.DefaultServicesManagerImpl] - Loaded 1 services.
2018-07-27 19:37:37,920 INFO [org.jasig.cas.services.DefaultServicesManagerImpl] - Reloading registered services.
2018-07-27 19:37:37,920 INFO [org.jasig.cas.services.DefaultServicesManagerImpl] - Loaded 1 services.
2018-07-27 19:39:37,920 INFO [org.jasig.cas.services.DefaultServicesManagerImpl] - Reloading registered services.
2018-07-27 19:39:37,920 INFO [org.jasig.cas.services.DefaultServicesManagerImpl] - Loaded 1 services.
2018-07-27 19:40:37,655 INFO [org.jasig.cas.ticket.registry.support.DefaultTicketRegistryCleaner] - Beginning ticket cleanup.
2018-07-27 19:40:37,655 INFO [org.jasig.cas.ticket.registry.support.DefaultTicketRegistryCleaner] - 1 tickets found to be removed.
2018-07-27 19:40:37,655 INFO [org.jasig.cas.ticket.registry.support.DefaultTicketRegistryCleaner] - Finished ticket cleanup.
2018-07-27 19:41:37,919 INFO [org.jasig.cas.services.DefaultServicesManagerImpl] - Reloading registered services.
2018-07-27 19:41:37,919 INFO [org.jasig.cas.services.DefaultServicesManagerImpl] - Loaded 1 services.
2018-07-27 19:43:37,919 INFO [org.jasig.cas.services.DefaultServicesManagerImpl] - Reloading registered services.
2018-07-27 19:43:37,919 INFO [org.jasig.cas.services.DefaultServicesManagerImpl] - Loaded 1 services.
2018-07-27 19:45:37,920 INFO [org.jasig.cas.services.DefaultServicesManagerImpl] - Reloading registered services.
2018-07-27 19:45:37,920 INFO [org.jasig.cas.services.DefaultServicesManagerImpl] - Loaded 1 services.
2018-07-27 19:47:37,920 INFO [org.jasig.cas.services.DefaultServicesManagerImpl] - Reloading registered services.
2018-07-27 19:47:37,920 INFO [org.jasig.cas.services.DefaultServicesManagerImpl] - Loaded 1 services.
2018-07-27 19:49:37,920 INFO [org.jasig.cas.services.DefaultServicesManagerImpl] - Reloading registered services.
2018-07-27 19:49:37,920 INFO [org.jasig.cas.services.DefaultServicesManagerImpl] - Loaded 1 services.
2018-07-27 19:51:37,919 INFO [org.jasig.cas.services.DefaultServicesManagerImpl] - Reloading registered services.
2018-07-27 19:51:37,919 INFO [org.jasig.cas.services.DefaultServicesManagerImpl] - Loaded 1 services.
2018-07-27 19:51:40,701 INFO [com.github.inspektr.audit.support.Slf4jLoggingAuditTrailManager] - Audit trail record BEGIN
=============================================================
WHO: audit:unknown
WHAT: TGT-1-FePBp1sWGkTyvwT0CXVWnO3Wm5fieXa5FPZaKSNa3uml0ArCXc-cas01.example.org
ACTION: TICKET_GRANTING_TICKET_DESTROYED
APPLICATION: CAS
WHEN: Fri Jul 27 19:51:40 CST 2018
CLIENT IP ADDRESS: 0:0:0:0:0:0:0:1
SERVER IP ADDRESS: 0:0:0:0:0:0:0:1
=============================================================


2018-07-27 19:51:40,749 WARN [org.jasig.cas.web.view.CasReloadableMessageBundle] - The code [logo.title] cannot be found in the language bundle for the locale [zh_CN]
2018-07-27 19:51:40,751 WARN [org.jasig.cas.web.view.CasReloadableMessageBundle] - The code [screen.welcome.instructions] cannot be found in the language bundle for the locale [zh_CN]
2018-07-27 19:51:40,751 WARN [org.jasig.cas.web.view.CasReloadableMessageBundle] - The code [screen.welcome.label.netid] cannot be found in the language bundle for the locale [zh_CN]
2018-07-27 19:51:40,751 WARN [org.jasig.cas.web.view.CasReloadableMessageBundle] - The code [screen.welcome.label.netid.accesskey] cannot be found in the language bundle for the locale [zh_CN]
2018-07-27 19:51:40,752 WARN [org.jasig.cas.web.view.CasReloadableMessageBundle] - The code [screen.welcome.label.password] cannot be found in the language bundle for the locale [zh_CN]
2018-07-27 19:51:40,752 WARN [org.jasig.cas.web.view.CasReloadableMessageBundle] - The code [screen.welcome.label.password.accesskey] cannot be found in the language bundle for the locale [zh_CN]
2018-07-27 19:51:40,752 WARN [org.jasig.cas.web.view.CasReloadableMessageBundle] - The code [screen.welcome.label.warn.accesskey] cannot be found in the language bundle for the locale [zh_CN]
2018-07-27 19:51:40,752 WARN [org.jasig.cas.web.view.CasReloadableMessageBundle] - The code [screen.welcome.label.warn] cannot be found in the language bundle for the locale [zh_CN]
2018-07-27 19:51:40,752 WARN [org.jasig.cas.web.view.CasReloadableMessageBundle] - The code [screen.welcome.button.login] cannot be found in the language bundle for the locale [zh_CN]
2018-07-27 19:51:40,753 WARN [org.jasig.cas.web.view.CasReloadableMessageBundle] - The code [screen.welcome.button.clear] cannot be found in the language bundle for the locale [zh_CN]
2018-07-27 19:51:40,753 WARN [org.jasig.cas.web.view.CasReloadableMessageBundle] - The code [screen.welcome.security] cannot be found in the language bundle for the locale [zh_CN]
2018-07-27 19:51:40,753 WARN [org.jasig.cas.web.view.CasReloadableMessageBundle] - The code [copyright] cannot be found in the language bundle for the locale [zh_CN]
2018-07-27 19:52:03,541 INFO [org.jasig.cas.authentication.PolicyBasedAuthenticationManager] - AcceptUsersAuthenticationHandler successfully authenticated zhang+password
2018-07-27 19:52:03,541 INFO [org.jasig.cas.authentication.PolicyBasedAuthenticationManager] - Authenticated zhang with credentials [zhang+password].
2018-07-27 19:52:03,541 INFO [com.github.inspektr.audit.support.Slf4jLoggingAuditTrailManager] - Audit trail record BEGIN
=============================================================
WHO: audit:unknown
WHAT: supplied credentials: [zhang+password]
ACTION: AUTHENTICATION_SUCCESS
APPLICATION: CAS
WHEN: Fri Jul 27 19:52:03 CST 2018
CLIENT IP ADDRESS: 0:0:0:0:0:0:0:1
SERVER IP ADDRESS: 0:0:0:0:0:0:0:1
=============================================================


2018-07-27 19:52:03,541 INFO [com.github.inspektr.audit.support.Slf4jLoggingAuditTrailManager] - Audit trail record BEGIN
=============================================================
WHO: audit:unknown
WHAT: TGT-2-1NS5CIJvtjcsQry21YN3aBVrFNhRjNfSaqadFjLidwcgeScGmK-cas01.example.org
ACTION: TICKET_GRANTING_TICKET_CREATED
APPLICATION: CAS
WHEN: Fri Jul 27 19:52:03 CST 2018
CLIENT IP ADDRESS: 0:0:0:0:0:0:0:1
SERVER IP ADDRESS: 0:0:0:0:0:0:0:1
=============================================================


2018-07-27 19:52:03,542 INFO [com.github.inspektr.audit.support.Slf4jLoggingAuditTrailManager] - Audit trail record BEGIN
=============================================================
WHO: audit:unknown
WHAT: TGT-1-FePBp1sWGkTyvwT0CXVWnO3Wm5fieXa5FPZaKSNa3uml0ArCXc-cas01.example.org
ACTION: TICKET_GRANTING_TICKET_DESTROYED
APPLICATION: CAS
WHEN: Fri Jul 27 19:52:03 CST 2018
CLIENT IP ADDRESS: 0:0:0:0:0:0:0:1
SERVER IP ADDRESS: 0:0:0:0:0:0:0:1
=============================================================


2018-07-27 19:52:03,546 INFO [org.jasig.cas.CentralAuthenticationServiceImpl] - Granted service ticket [ST-1-zwUpFJCKvn9v2cFlwP2M-cas01.example.org] for service [https://localhost:8026/shiro-cas-client/cas] for user [zhang]
2018-07-27 19:52:03,547 INFO [com.github.inspektr.audit.support.Slf4jLoggingAuditTrailManager] - Audit trail record BEGIN
=============================================================
WHO: zhang
WHAT: ST-1-zwUpFJCKvn9v2cFlwP2M-cas01.example.org for https://localhost:8026/shiro-cas-client/cas
ACTION: SERVICE_TICKET_CREATED
APPLICATION: CAS
WHEN: Fri Jul 27 19:52:03 CST 2018
CLIENT IP ADDRESS: 0:0:0:0:0:0:0:1
SERVER IP ADDRESS: 0:0:0:0:0:0:0:1
=============================================================


2018-07-27 19:53:37,920 INFO [org.jasig.cas.services.DefaultServicesManagerImpl] - Reloading registered services.
2018-07-27 19:53:37,920 INFO [org.jasig.cas.services.DefaultServicesManagerImpl] - Loaded 1 services.
2018-07-27 19:55:37,920 INFO [org.jasig.cas.services.DefaultServicesManagerImpl] - Reloading registered services.
2018-07-27 19:55:37,920 INFO [org.jasig.cas.services.DefaultServicesManagerImpl] - Loaded 1 services.
2018-07-27 19:56:41,709 INFO [org.jasig.cas.CentralAuthenticationServiceImpl] - Granted service ticket [ST-2-32jkiiZ2Z40lRxCTJ9cj-cas01.example.org] for service [https://localhost:8026/shiro-cas-client/cas] for user [zhang]
2018-07-27 19:56:41,710 INFO [com.github.inspektr.audit.support.Slf4jLoggingAuditTrailManager] - Audit trail record BEGIN
=============================================================
WHO: zhang
WHAT: ST-2-32jkiiZ2Z40lRxCTJ9cj-cas01.example.org for https://localhost:8026/shiro-cas-client/cas
ACTION: SERVICE_TICKET_CREATED
APPLICATION: CAS
WHEN: Fri Jul 27 19:56:41 CST 2018
CLIENT IP ADDRESS: 0:0:0:0:0:0:0:1
SERVER IP ADDRESS: 0:0:0:0:0:0:0:1
=============================================================


2018-07-27 19:56:53,748 INFO [org.jasig.cas.CentralAuthenticationServiceImpl] - Granted service ticket [ST-3-RPa0V4dCxZYcC5a1jAAz-cas01.example.org] for service [https://localhost:8026/shiro-cas-client/cas] for user [zhang]
2018-07-27 19:56:53,748 INFO [com.github.inspektr.audit.support.Slf4jLoggingAuditTrailManager] - Audit trail record BEGIN
=============================================================
WHO: zhang
WHAT: ST-3-RPa0V4dCxZYcC5a1jAAz-cas01.example.org for https://localhost:8026/shiro-cas-client/cas
ACTION: SERVICE_TICKET_CREATED
APPLICATION: CAS
WHEN: Fri Jul 27 19:56:53 CST 2018
CLIENT IP ADDRESS: 0:0:0:0:0:0:0:1
SERVER IP ADDRESS: 0:0:0:0:0:0:0:1
=============================================================


2018-07-27 19:57:06,434 WARN [org.jasig.cas.web.view.CasReloadableMessageBundle] - The code [logo.title] cannot be found in the language bundle for the locale [zh_CN]
2018-07-27 19:57:06,435 WARN [org.jasig.cas.web.view.CasReloadableMessageBundle] - The code [screen.success.header] cannot be found in the language bundle for the locale [zh_CN]
2018-07-27 19:57:06,435 WARN [org.jasig.cas.web.view.CasReloadableMessageBundle] - The code [screen.success.success] cannot be found in the language bundle for the locale [zh_CN]
2018-07-27 19:57:06,435 WARN [org.jasig.cas.web.view.CasReloadableMessageBundle] - The code [screen.success.security] cannot be found in the language bundle for the locale [zh_CN]
2018-07-27 19:57:06,435 WARN [org.jasig.cas.web.view.CasReloadableMessageBundle] - The code [copyright] cannot be found in the language bundle for the locale [zh_CN]
2018-07-27 19:57:37,919 INFO [org.jasig.cas.services.DefaultServicesManagerImpl] - Reloading registered services.
2018-07-27 19:57:37,919 INFO [org.jasig.cas.services.DefaultServicesManagerImpl] - Loaded 1 services.
2018-07-27 19:58:13,949 WARN [org.jasig.cas.web.view.CasReloadableMessageBundle] - The code [logo.title] cannot be found in the language bundle for the locale [zh_CN]
2018-07-27 19:58:13,949 WARN [org.jasig.cas.web.view.CasReloadableMessageBundle] - The code [screen.success.header] cannot be found in the language bundle for the locale [zh_CN]
2018-07-27 19:58:13,949 WARN [org.jasig.cas.web.view.CasReloadableMessageBundle] - The code [screen.success.success] cannot be found in the language bundle for the locale [zh_CN]
2018-07-27 19:58:13,949 WARN [org.jasig.cas.web.view.CasReloadableMessageBundle] - The code [screen.success.security] cannot be found in the language bundle for the locale [zh_CN]
2018-07-27 19:58:13,949 WARN [org.jasig.cas.web.view.CasReloadableMessageBundle] - The code [copyright] cannot be found in the language bundle for the locale [zh_CN]
2018-07-27 19:59:37,919 INFO [org.jasig.cas.services.DefaultServicesManagerImpl] - Reloading registered services.
2018-07-27 19:59:37,919 INFO [org.jasig.cas.services.DefaultServicesManagerImpl] - Loaded 1 services.
2018-07-27 20:01:37,920 INFO [org.jasig.cas.services.DefaultServicesManagerImpl] - Reloading registered services.
2018-07-27 20:01:37,920 INFO [org.jasig.cas.services.DefaultServicesManagerImpl] - Loaded 1 services.
2018-07-27 20:03:37,920 INFO [org.jasig.cas.services.DefaultServicesManagerImpl] - Reloading registered services.
2018-07-27 20:03:37,920 INFO [org.jasig.cas.services.DefaultServicesManagerImpl] - Loaded 1 services.
2018-07-27 20:05:37,920 INFO [org.jasig.cas.services.DefaultServicesManagerImpl] - Reloading registered services.
2018-07-27 20:05:37,920 INFO [org.jasig.cas.services.DefaultServicesManagerImpl] - Loaded 1 services.
2018-07-27 20:07:03,125 INFO [org.jasig.cas.CentralAuthenticationServiceImpl] - Granted service ticket [ST-4-5wwb5j5YVl0sfif2K7RU-cas01.example.org] for service [https://localhost:8026/shiro-cas-client/cas] for user [zhang]
2018-07-27 20:07:03,126 INFO [com.github.inspektr.audit.support.Slf4jLoggingAuditTrailManager] - Audit trail record BEGIN
=============================================================
WHO: zhang
WHAT: ST-4-5wwb5j5YVl0sfif2K7RU-cas01.example.org for https://localhost:8026/shiro-cas-client/cas
ACTION: SERVICE_TICKET_CREATED
APPLICATION: CAS
WHEN: Fri Jul 27 20:07:03 CST 2018
CLIENT IP ADDRESS: 0:0:0:0:0:0:0:1
SERVER IP ADDRESS: 0:0:0:0:0:0:0:1
=============================================================


2018-07-27 20:07:12,773 INFO [org.jasig.cas.CentralAuthenticationServiceImpl] - Granted service ticket [ST-5-A9ZHdJNLMYRKrX7hNGkL-cas01.example.org] for service [https://localhost:8026/shiro-cas-client/cas] for user [zhang]
2018-07-27 20:07:12,773 INFO [com.github.inspektr.audit.support.Slf4jLoggingAuditTrailManager] - Audit trail record BEGIN
=============================================================
WHO: zhang
WHAT: ST-5-A9ZHdJNLMYRKrX7hNGkL-cas01.example.org for https://localhost:8026/shiro-cas-client/cas
ACTION: SERVICE_TICKET_CREATED
APPLICATION: CAS
WHEN: Fri Jul 27 20:07:12 CST 2018
CLIENT IP ADDRESS: 0:0:0:0:0:0:0:1
SERVER IP ADDRESS: 0:0:0:0:0:0:0:1
=============================================================


2018-07-27 20:07:37,920 INFO [org.jasig.cas.services.DefaultServicesManagerImpl] - Reloading registered services.
2018-07-27 20:07:37,920 INFO [org.jasig.cas.services.DefaultServicesManagerImpl] - Loaded 1 services.
2018-07-27 20:09:37,920 INFO [org.jasig.cas.services.DefaultServicesManagerImpl] - Reloading registered services.
2018-07-27 20:09:37,920 INFO [org.jasig.cas.services.DefaultServicesManagerImpl] - Loaded 1 services.
2018-07-27 20:11:37,919 INFO [org.jasig.cas.services.DefaultServicesManagerImpl] - Reloading registered services.
2018-07-27 20:11:37,919 INFO [org.jasig.cas.services.DefaultServicesManagerImpl] - Loaded 1 services.
2018-07-27 20:13:37,919 INFO [org.jasig.cas.services.DefaultServicesManagerImpl] - Reloading registered services.
2018-07-27 20:13:37,919 INFO [org.jasig.cas.services.DefaultServicesManagerImpl] - Loaded 1 services.
2018-07-27 20:15:37,920 INFO [org.jasig.cas.services.DefaultServicesManagerImpl] - Reloading registered services.
2018-07-27 20:15:37,920 INFO [org.jasig.cas.services.DefaultServicesManagerImpl] - Loaded 1 services.
2018-07-27 20:17:37,919 INFO [org.jasig.cas.services.DefaultServicesManagerImpl] - Reloading registered services.
2018-07-27 20:17:37,919 INFO [org.jasig.cas.services.DefaultServicesManagerImpl] - Loaded 1 services.
2018-07-27 20:19:37,930 INFO [org.jasig.cas.services.DefaultServicesManagerImpl] - Reloading registered services.
2018-07-27 20:19:37,930 INFO [org.jasig.cas.services.DefaultServicesManagerImpl] - Loaded 1 services.
2018-07-27 20:20:50,204 INFO [org.jasig.cas.CentralAuthenticationServiceImpl] - Granted service ticket [ST-6-6533GdPYGYcdOP7u1YSr-cas01.example.org] for service [https://localhost:8026/shiro-cas-client/cas] for user [zhang]
2018-07-27 20:20:50,205 INFO [com.github.inspektr.audit.support.Slf4jLoggingAuditTrailManager] - Audit trail record BEGIN
=============================================================
WHO: zhang
WHAT: ST-6-6533GdPYGYcdOP7u1YSr-cas01.example.org for https://localhost:8026/shiro-cas-client/cas
ACTION: SERVICE_TICKET_CREATED
APPLICATION: CAS
WHEN: Fri Jul 27 20:20:50 CST 2018
CLIENT IP ADDRESS: 0:0:0:0:0:0:0:1
SERVER IP ADDRESS: 0:0:0:0:0:0:0:1
=============================================================


2018-07-27 20:21:37,920 INFO [org.jasig.cas.services.DefaultServicesManagerImpl] - Reloading registered services.
2018-07-27 20:21:37,920 INFO [org.jasig.cas.services.DefaultServicesManagerImpl] - Loaded 1 services.
2018-07-27 20:23:37,919 INFO [org.jasig.cas.services.DefaultServicesManagerImpl] - Reloading registered services.
2018-07-27 20:23:37,919 INFO [org.jasig.cas.services.DefaultServicesManagerImpl] - Loaded 1 services.
2018-07-27 20:25:37,919 INFO [org.jasig.cas.services.DefaultServicesManagerImpl] - Reloading registered services.
2018-07-27 20:25:37,919 INFO [org.jasig.cas.services.DefaultServicesManagerImpl] - Loaded 1 services.
