Performance Statistics   2018-07-27 16:34:00 - 2018-07-27 16:35:00
Tag                                                  Avg(ms)         Min         Max     Std Dev       Count
AUTHENTICATE                                             4.0           4           4         0.0           1
CREATE_TICKET_GRANTING_TICKET                           12.0          12          12         0.0           1

Performance Statistics   2018-07-27 16:35:00 - 2018-07-27 16:36:00
Tag                                                  Avg(ms)         Min         Max     Std Dev       Count

Performance Statistics   2018-07-27 16:36:00 - 2018-07-27 16:37:00
Tag                                                  Avg(ms)         Min         Max     Std Dev       Count
AUTHENTICATE                                             0.0           0           0         0.0           2
CREATE_TICKET_GRANTING_TICKET                            0.5           0           1         0.5           2

Performance Statistics   2018-07-27 16:37:00 - 2018-07-27 16:38:00
Tag                                                  Avg(ms)         Min         Max     Std Dev       Count

Performance Statistics   2018-07-27 16:38:00 - 2018-07-27 16:39:00
Tag                                                  Avg(ms)         Min         Max     Std Dev       Count

Performance Statistics   2018-07-27 16:39:00 - 2018-07-27 16:40:00
Tag                                                  Avg(ms)         Min         Max     Std Dev       Count

Performance Statistics   2018-07-27 16:40:00 - 2018-07-27 16:41:00
Tag                                                  Avg(ms)         Min         Max     Std Dev       Count

Performance Statistics   2018-07-27 16:41:00 - 2018-07-27 16:42:00
Tag                                                  Avg(ms)         Min         Max     Std Dev       Count

Performance Statistics   2018-07-27 16:42:00 - 2018-07-27 16:43:00
Tag                                                  Avg(ms)         Min         Max     Std Dev       Count

Performance Statistics   2018-07-27 16:43:00 - 2018-07-27 16:44:00
Tag                                                  Avg(ms)         Min         Max     Std Dev       Count

Performance Statistics   2018-07-27 16:44:00 - 2018-07-27 16:45:00
Tag                                                  Avg(ms)         Min         Max     Std Dev       Count

Performance Statistics   2018-07-27 16:45:00 - 2018-07-27 16:46:00
Tag                                                  Avg(ms)         Min         Max     Std Dev       Count

Performance Statistics   2018-07-27 16:46:00 - 2018-07-27 16:47:00
Tag                                                  Avg(ms)         Min         Max     Std Dev       Count

Performance Statistics   2018-07-27 16:47:00 - 2018-07-27 16:48:00
Tag                                                  Avg(ms)         Min         Max     Std Dev       Count

Performance Statistics   2018-07-27 16:48:00 - 2018-07-27 16:49:00
Tag                                                  Avg(ms)         Min         Max     Std Dev       Count

Performance Statistics   2018-07-27 16:49:00 - 2018-07-27 16:50:00
Tag                                                  Avg(ms)         Min         Max     Std Dev       Count

Performance Statistics   2018-07-27 16:50:00 - 2018-07-27 16:51:00
Tag                                                  Avg(ms)         Min         Max     Std Dev       Count

Performance Statistics   2018-07-27 16:51:00 - 2018-07-27 16:52:00
Tag                                                  Avg(ms)         Min         Max     Std Dev       Count

Performance Statistics   2018-07-27 16:52:00 - 2018-07-27 16:53:00
Tag                                                  Avg(ms)         Min         Max     Std Dev       Count

Performance Statistics   2018-07-27 16:54:00 - 2018-07-27 16:55:00
Tag                                                  Avg(ms)         Min         Max     Std Dev       Count
AUTHENTICATE                                             2.0           2           2         0.0           1
CREATE_TICKET_GRANTING_TICKET                            7.0           7           7         0.0           1

Performance Statistics   2018-07-27 16:55:00 - 2018-07-27 16:56:00
Tag                                                  Avg(ms)         Min         Max     Std Dev       Count

Performance Statistics   2018-07-27 16:56:00 - 2018-07-27 16:57:00
Tag                                                  Avg(ms)         Min         Max     Std Dev       Count

Performance Statistics   2018-07-27 16:57:00 - 2018-07-27 16:58:00
Tag                                                  Avg(ms)         Min         Max     Std Dev       Count

Performance Statistics   2018-07-27 16:58:00 - 2018-07-27 16:59:00
Tag                                                  Avg(ms)         Min         Max     Std Dev       Count

Performance Statistics   2018-07-27 16:59:00 - 2018-07-27 17:00:00
Tag                                                  Avg(ms)         Min         Max     Std Dev       Count

Performance Statistics   2018-07-27 17:00:00 - 2018-07-27 17:01:00
Tag                                                  Avg(ms)         Min         Max     Std Dev       Count

Performance Statistics   2018-07-27 17:01:00 - 2018-07-27 17:02:00
Tag                                                  Avg(ms)         Min         Max     Std Dev       Count

Performance Statistics   2018-07-27 17:02:00 - 2018-07-27 17:03:00
Tag                                                  Avg(ms)         Min         Max     Std Dev       Count

Performance Statistics   2018-07-27 17:03:00 - 2018-07-27 17:04:00
Tag                                                  Avg(ms)         Min         Max     Std Dev       Count

Performance Statistics   2018-07-27 17:04:00 - 2018-07-27 17:05:00
Tag                                                  Avg(ms)         Min         Max     Std Dev       Count

Performance Statistics   2018-07-27 17:05:00 - 2018-07-27 17:06:00
Tag                                                  Avg(ms)         Min         Max     Std Dev       Count

Performance Statistics   2018-07-27 17:06:00 - 2018-07-27 17:07:00
Tag                                                  Avg(ms)         Min         Max     Std Dev       Count

Performance Statistics   2018-07-27 17:07:00 - 2018-07-27 17:08:00
Tag                                                  Avg(ms)         Min         Max     Std Dev       Count

Performance Statistics   2018-07-27 17:08:00 - 2018-07-27 17:09:00
Tag                                                  Avg(ms)         Min         Max     Std Dev       Count

Performance Statistics   2018-07-27 17:09:00 - 2018-07-27 17:10:00
Tag                                                  Avg(ms)         Min         Max     Std Dev       Count

Performance Statistics   2018-07-27 17:10:00 - 2018-07-27 17:11:00
Tag                                                  Avg(ms)         Min         Max     Std Dev       Count

Performance Statistics   2018-07-27 17:11:00 - 2018-07-27 17:12:00
Tag                                                  Avg(ms)         Min         Max     Std Dev       Count

Performance Statistics   2018-07-27 17:12:00 - 2018-07-27 17:13:00
Tag                                                  Avg(ms)         Min         Max     Std Dev       Count

Performance Statistics   2018-07-27 17:13:00 - 2018-07-27 17:14:00
Tag                                                  Avg(ms)         Min         Max     Std Dev       Count

Performance Statistics   2018-07-27 17:14:00 - 2018-07-27 17:15:00
Tag                                                  Avg(ms)         Min         Max     Std Dev       Count

Performance Statistics   2018-07-27 17:15:00 - 2018-07-27 17:16:00
Tag                                                  Avg(ms)         Min         Max     Std Dev       Count

Performance Statistics   2018-07-27 17:16:00 - 2018-07-27 17:17:00
Tag                                                  Avg(ms)         Min         Max     Std Dev       Count

Performance Statistics   2018-07-27 17:17:00 - 2018-07-27 17:18:00
Tag                                                  Avg(ms)         Min         Max     Std Dev       Count

Performance Statistics   2018-07-27 17:18:00 - 2018-07-27 17:19:00
Tag                                                  Avg(ms)         Min         Max     Std Dev       Count

Performance Statistics   2018-07-27 17:19:00 - 2018-07-27 17:20:00
Tag                                                  Avg(ms)         Min         Max     Std Dev       Count

Performance Statistics   2018-07-27 17:20:00 - 2018-07-27 17:21:00
Tag                                                  Avg(ms)         Min         Max     Std Dev       Count

Performance Statistics   2018-07-27 17:21:00 - 2018-07-27 17:22:00
Tag                                                  Avg(ms)         Min         Max     Std Dev       Count

Performance Statistics   2018-07-27 17:22:00 - 2018-07-27 17:23:00
Tag                                                  Avg(ms)         Min         Max     Std Dev       Count

Performance Statistics   2018-07-27 17:23:00 - 2018-07-27 17:24:00
Tag                                                  Avg(ms)         Min         Max     Std Dev       Count

Performance Statistics   2018-07-27 17:24:00 - 2018-07-27 17:25:00
Tag                                                  Avg(ms)         Min         Max     Std Dev       Count

Performance Statistics   2018-07-27 17:25:00 - 2018-07-27 17:26:00
Tag                                                  Avg(ms)         Min         Max     Std Dev       Count

Performance Statistics   2018-07-27 17:26:00 - 2018-07-27 17:27:00
Tag                                                  Avg(ms)         Min         Max     Std Dev       Count

Performance Statistics   2018-07-27 17:27:00 - 2018-07-27 17:28:00
Tag                                                  Avg(ms)         Min         Max     Std Dev       Count

Performance Statistics   2018-07-27 17:28:00 - 2018-07-27 17:29:00
Tag                                                  Avg(ms)         Min         Max     Std Dev       Count

Performance Statistics   2018-07-27 17:29:00 - 2018-07-27 17:30:00
Tag                                                  Avg(ms)         Min         Max     Std Dev       Count

Performance Statistics   2018-07-27 17:30:00 - 2018-07-27 17:31:00
Tag                                                  Avg(ms)         Min         Max     Std Dev       Count

Performance Statistics   2018-07-27 17:31:00 - 2018-07-27 17:32:00
Tag                                                  Avg(ms)         Min         Max     Std Dev       Count

Performance Statistics   2018-07-27 17:32:00 - 2018-07-27 17:33:00
Tag                                                  Avg(ms)         Min         Max     Std Dev       Count

Performance Statistics   2018-07-27 17:33:00 - 2018-07-27 17:34:00
Tag                                                  Avg(ms)         Min         Max     Std Dev       Count

Performance Statistics   2018-07-27 17:34:00 - 2018-07-27 17:35:00
Tag                                                  Avg(ms)         Min         Max     Std Dev       Count

Performance Statistics   2018-07-27 17:35:00 - 2018-07-27 17:36:00
Tag                                                  Avg(ms)         Min         Max     Std Dev       Count

Performance Statistics   2018-07-27 17:36:00 - 2018-07-27 17:37:00
Tag                                                  Avg(ms)         Min         Max     Std Dev       Count

Performance Statistics   2018-07-27 17:37:00 - 2018-07-27 17:38:00
Tag                                                  Avg(ms)         Min         Max     Std Dev       Count

Performance Statistics   2018-07-27 17:38:00 - 2018-07-27 17:39:00
Tag                                                  Avg(ms)         Min         Max     Std Dev       Count

Performance Statistics   2018-07-27 17:39:00 - 2018-07-27 17:40:00
Tag                                                  Avg(ms)         Min         Max     Std Dev       Count

Performance Statistics   2018-07-27 17:40:00 - 2018-07-27 17:41:00
Tag                                                  Avg(ms)         Min         Max     Std Dev       Count

Performance Statistics   2018-07-27 17:41:00 - 2018-07-27 17:42:00
Tag                                                  Avg(ms)         Min         Max     Std Dev       Count

Performance Statistics   2018-07-27 17:42:00 - 2018-07-27 17:43:00
Tag                                                  Avg(ms)         Min         Max     Std Dev       Count

Performance Statistics   2018-07-27 17:43:00 - 2018-07-27 17:44:00
Tag                                                  Avg(ms)         Min         Max     Std Dev       Count

Performance Statistics   2018-07-27 17:44:00 - 2018-07-27 17:45:00
Tag                                                  Avg(ms)         Min         Max     Std Dev       Count

Performance Statistics   2018-07-27 17:45:00 - 2018-07-27 17:46:00
Tag                                                  Avg(ms)         Min         Max     Std Dev       Count

Performance Statistics   2018-07-27 17:46:00 - 2018-07-27 17:47:00
Tag                                                  Avg(ms)         Min         Max     Std Dev       Count

Performance Statistics   2018-07-27 17:47:00 - 2018-07-27 17:48:00
Tag                                                  Avg(ms)         Min         Max     Std Dev       Count

Performance Statistics   2018-07-27 17:48:00 - 2018-07-27 17:49:00
Tag                                                  Avg(ms)         Min         Max     Std Dev       Count

Performance Statistics   2018-07-27 17:49:00 - 2018-07-27 17:50:00
Tag                                                  Avg(ms)         Min         Max     Std Dev       Count

Performance Statistics   2018-07-27 17:50:00 - 2018-07-27 17:51:00
Tag                                                  Avg(ms)         Min         Max     Std Dev       Count

Performance Statistics   2018-07-27 17:51:00 - 2018-07-27 17:52:00
Tag                                                  Avg(ms)         Min         Max     Std Dev       Count

Performance Statistics   2018-07-27 17:52:00 - 2018-07-27 17:53:00
Tag                                                  Avg(ms)         Min         Max     Std Dev       Count

Performance Statistics   2018-07-27 17:53:00 - 2018-07-27 17:54:00
Tag                                                  Avg(ms)         Min         Max     Std Dev       Count

Performance Statistics   2018-07-27 17:54:00 - 2018-07-27 17:55:00
Tag                                                  Avg(ms)         Min         Max     Std Dev       Count

Performance Statistics   2018-07-27 17:55:00 - 2018-07-27 17:56:00
Tag                                                  Avg(ms)         Min         Max     Std Dev       Count

Performance Statistics   2018-07-27 17:56:00 - 2018-07-27 17:57:00
Tag                                                  Avg(ms)         Min         Max     Std Dev       Count

Performance Statistics   2018-07-27 17:57:00 - 2018-07-27 17:58:00
Tag                                                  Avg(ms)         Min         Max     Std Dev       Count

Performance Statistics   2018-07-27 17:58:00 - 2018-07-27 17:59:00
Tag                                                  Avg(ms)         Min         Max     Std Dev       Count

Performance Statistics   2018-07-27 17:59:00 - 2018-07-27 18:00:00
Tag                                                  Avg(ms)         Min         Max     Std Dev       Count

Performance Statistics   2018-07-27 18:00:00 - 2018-07-27 18:01:00
Tag                                                  Avg(ms)         Min         Max     Std Dev       Count

Performance Statistics   2018-07-27 18:01:00 - 2018-07-27 18:02:00
Tag                                                  Avg(ms)         Min         Max     Std Dev       Count

Performance Statistics   2018-07-27 18:02:00 - 2018-07-27 18:03:00
Tag                                                  Avg(ms)         Min         Max     Std Dev       Count

Performance Statistics   2018-07-27 18:03:00 - 2018-07-27 18:04:00
Tag                                                  Avg(ms)         Min         Max     Std Dev       Count

Performance Statistics   2018-07-27 18:04:00 - 2018-07-27 18:05:00
Tag                                                  Avg(ms)         Min         Max     Std Dev       Count

Performance Statistics   2018-07-27 18:05:00 - 2018-07-27 18:06:00
Tag                                                  Avg(ms)         Min         Max     Std Dev       Count

Performance Statistics   2018-07-27 18:06:00 - 2018-07-27 18:07:00
Tag                                                  Avg(ms)         Min         Max     Std Dev       Count

Performance Statistics   2018-07-27 18:07:00 - 2018-07-27 18:08:00
Tag                                                  Avg(ms)         Min         Max     Std Dev       Count

Performance Statistics   2018-07-27 18:08:00 - 2018-07-27 18:09:00
Tag                                                  Avg(ms)         Min         Max     Std Dev       Count

Performance Statistics   2018-07-27 18:09:00 - 2018-07-27 18:10:00
Tag                                                  Avg(ms)         Min         Max     Std Dev       Count

Performance Statistics   2018-07-27 18:10:00 - 2018-07-27 18:11:00
Tag                                                  Avg(ms)         Min         Max     Std Dev       Count

Performance Statistics   2018-07-27 18:11:00 - 2018-07-27 18:12:00
Tag                                                  Avg(ms)         Min         Max     Std Dev       Count

Performance Statistics   2018-07-27 18:12:00 - 2018-07-27 18:13:00
Tag                                                  Avg(ms)         Min         Max     Std Dev       Count

Performance Statistics   2018-07-27 18:13:00 - 2018-07-27 18:14:00
Tag                                                  Avg(ms)         Min         Max     Std Dev       Count

Performance Statistics   2018-07-27 18:14:00 - 2018-07-27 18:15:00
Tag                                                  Avg(ms)         Min         Max     Std Dev       Count

Performance Statistics   2018-07-27 18:15:00 - 2018-07-27 18:16:00
Tag                                                  Avg(ms)         Min         Max     Std Dev       Count

Performance Statistics   2018-07-27 18:16:00 - 2018-07-27 18:17:00
Tag                                                  Avg(ms)         Min         Max     Std Dev       Count

Performance Statistics   2018-07-27 18:17:00 - 2018-07-27 18:18:00
Tag                                                  Avg(ms)         Min         Max     Std Dev       Count

Performance Statistics   2018-07-27 18:18:00 - 2018-07-27 18:19:00
Tag                                                  Avg(ms)         Min         Max     Std Dev       Count

Performance Statistics   2018-07-27 18:19:00 - 2018-07-27 18:20:00
Tag                                                  Avg(ms)         Min         Max     Std Dev       Count

Performance Statistics   2018-07-27 18:20:00 - 2018-07-27 18:21:00
Tag                                                  Avg(ms)         Min         Max     Std Dev       Count

Performance Statistics   2018-07-27 18:21:00 - 2018-07-27 18:22:00
Tag                                                  Avg(ms)         Min         Max     Std Dev       Count

Performance Statistics   2018-07-27 18:22:00 - 2018-07-27 18:23:00
Tag                                                  Avg(ms)         Min         Max     Std Dev       Count

Performance Statistics   2018-07-27 18:23:00 - 2018-07-27 18:24:00
Tag                                                  Avg(ms)         Min         Max     Std Dev       Count

Performance Statistics   2018-07-27 18:24:00 - 2018-07-27 18:25:00
Tag                                                  Avg(ms)         Min         Max     Std Dev       Count

Performance Statistics   2018-07-27 18:25:00 - 2018-07-27 18:26:00
Tag                                                  Avg(ms)         Min         Max     Std Dev       Count

Performance Statistics   2018-07-27 18:26:00 - 2018-07-27 18:27:00
Tag                                                  Avg(ms)         Min         Max     Std Dev       Count

Performance Statistics   2018-07-27 18:27:00 - 2018-07-27 18:28:00
Tag                                                  Avg(ms)         Min         Max     Std Dev       Count

Performance Statistics   2018-07-27 18:28:00 - 2018-07-27 18:29:00
Tag                                                  Avg(ms)         Min         Max     Std Dev       Count

Performance Statistics   2018-07-27 18:29:00 - 2018-07-27 18:30:00
Tag                                                  Avg(ms)         Min         Max     Std Dev       Count

Performance Statistics   2018-07-27 18:30:00 - 2018-07-27 18:31:00
Tag                                                  Avg(ms)         Min         Max     Std Dev       Count

Performance Statistics   2018-07-27 18:31:00 - 2018-07-27 18:32:00
Tag                                                  Avg(ms)         Min         Max     Std Dev       Count

Performance Statistics   2018-07-27 19:05:00 - 2018-07-27 19:06:00
Tag                                                  Avg(ms)         Min         Max     Std Dev       Count

Performance Statistics   2018-07-27 19:06:00 - 2018-07-27 19:07:00
Tag                                                  Avg(ms)         Min         Max     Std Dev       Count

Performance Statistics   2018-07-27 19:07:00 - 2018-07-27 19:08:00
Tag                                                  Avg(ms)         Min         Max     Std Dev       Count

Performance Statistics   2018-07-27 19:08:00 - 2018-07-27 19:09:00
Tag                                                  Avg(ms)         Min         Max     Std Dev       Count

Performance Statistics   2018-07-27 19:09:00 - 2018-07-27 19:10:00
Tag                                                  Avg(ms)         Min         Max     Std Dev       Count

Performance Statistics   2018-07-27 19:10:00 - 2018-07-27 19:11:00
Tag                                                  Avg(ms)         Min         Max     Std Dev       Count

Performance Statistics   2018-07-27 19:11:00 - 2018-07-27 19:12:00
Tag                                                  Avg(ms)         Min         Max     Std Dev       Count

Performance Statistics   2018-07-27 19:12:00 - 2018-07-27 19:13:00
Tag                                                  Avg(ms)         Min         Max     Std Dev       Count

Performance Statistics   2018-07-27 19:13:00 - 2018-07-27 19:14:00
Tag                                                  Avg(ms)         Min         Max     Std Dev       Count

Performance Statistics   2018-07-27 19:14:00 - 2018-07-27 19:15:00
Tag                                                  Avg(ms)         Min         Max     Std Dev       Count

Performance Statistics   2018-07-27 19:15:00 - 2018-07-27 19:16:00
Tag                                                  Avg(ms)         Min         Max     Std Dev       Count

Performance Statistics   2018-07-27 19:16:00 - 2018-07-27 19:17:00
Tag                                                  Avg(ms)         Min         Max     Std Dev       Count

Performance Statistics   2018-07-27 19:17:00 - 2018-07-27 19:18:00
Tag                                                  Avg(ms)         Min         Max     Std Dev       Count

Performance Statistics   2018-07-27 19:18:00 - 2018-07-27 19:19:00
Tag                                                  Avg(ms)         Min         Max     Std Dev       Count

Performance Statistics   2018-07-27 19:19:00 - 2018-07-27 19:20:00
Tag                                                  Avg(ms)         Min         Max     Std Dev       Count

Performance Statistics   2018-07-27 19:20:00 - 2018-07-27 19:21:00
Tag                                                  Avg(ms)         Min         Max     Std Dev       Count

Performance Statistics   2018-07-27 19:21:00 - 2018-07-27 19:22:00
Tag                                                  Avg(ms)         Min         Max     Std Dev       Count

Performance Statistics   2018-07-27 19:22:00 - 2018-07-27 19:23:00
Tag                                                  Avg(ms)         Min         Max     Std Dev       Count

Performance Statistics   2018-07-27 19:23:00 - 2018-07-27 19:24:00
Tag                                                  Avg(ms)         Min         Max     Std Dev       Count

Performance Statistics   2018-07-27 19:24:00 - 2018-07-27 19:25:00
Tag                                                  Avg(ms)         Min         Max     Std Dev       Count

Performance Statistics   2018-07-27 19:25:00 - 2018-07-27 19:26:00
Tag                                                  Avg(ms)         Min         Max     Std Dev       Count

Performance Statistics   2018-07-27 19:26:00 - 2018-07-27 19:27:00
Tag                                                  Avg(ms)         Min         Max     Std Dev       Count

Performance Statistics   2018-07-27 19:27:00 - 2018-07-27 19:28:00
Tag                                                  Avg(ms)         Min         Max     Std Dev       Count

Performance Statistics   2018-07-27 19:28:00 - 2018-07-27 19:29:00
Tag                                                  Avg(ms)         Min         Max     Std Dev       Count

Performance Statistics   2018-07-27 19:29:00 - 2018-07-27 19:30:00
Tag                                                  Avg(ms)         Min         Max     Std Dev       Count

Performance Statistics   2018-07-27 19:30:00 - 2018-07-27 19:31:00
Tag                                                  Avg(ms)         Min         Max     Std Dev       Count

Performance Statistics   2018-07-27 19:31:00 - 2018-07-27 19:32:00
Tag                                                  Avg(ms)         Min         Max     Std Dev       Count

Performance Statistics   2018-07-27 19:32:00 - 2018-07-27 19:33:00
Tag                                                  Avg(ms)         Min         Max     Std Dev       Count

Performance Statistics   2018-07-27 19:33:00 - 2018-07-27 19:34:00
Tag                                                  Avg(ms)         Min         Max     Std Dev       Count

Performance Statistics   2018-07-27 19:34:00 - 2018-07-27 19:35:00
Tag                                                  Avg(ms)         Min         Max     Std Dev       Count

Performance Statistics   2018-07-27 19:35:00 - 2018-07-27 19:36:00
Tag                                                  Avg(ms)         Min         Max     Std Dev       Count

Performance Statistics   2018-07-27 19:36:00 - 2018-07-27 19:37:00
Tag                                                  Avg(ms)         Min         Max     Std Dev       Count

Performance Statistics   2018-07-27 19:37:00 - 2018-07-27 19:38:00
Tag                                                  Avg(ms)         Min         Max     Std Dev       Count

Performance Statistics   2018-07-27 19:38:00 - 2018-07-27 19:39:00
Tag                                                  Avg(ms)         Min         Max     Std Dev       Count

Performance Statistics   2018-07-27 19:39:00 - 2018-07-27 19:40:00
Tag                                                  Avg(ms)         Min         Max     Std Dev       Count

Performance Statistics   2018-07-27 19:40:00 - 2018-07-27 19:41:00
Tag                                                  Avg(ms)         Min         Max     Std Dev       Count

Performance Statistics   2018-07-27 19:41:00 - 2018-07-27 19:42:00
Tag                                                  Avg(ms)         Min         Max     Std Dev       Count

Performance Statistics   2018-07-27 19:42:00 - 2018-07-27 19:43:00
Tag                                                  Avg(ms)         Min         Max     Std Dev       Count

Performance Statistics   2018-07-27 19:43:00 - 2018-07-27 19:44:00
Tag                                                  Avg(ms)         Min         Max     Std Dev       Count

Performance Statistics   2018-07-27 19:44:00 - 2018-07-27 19:45:00
Tag                                                  Avg(ms)         Min         Max     Std Dev       Count

Performance Statistics   2018-07-27 19:45:00 - 2018-07-27 19:46:00
Tag                                                  Avg(ms)         Min         Max     Std Dev       Count

Performance Statistics   2018-07-27 19:46:00 - 2018-07-27 19:47:00
Tag                                                  Avg(ms)         Min         Max     Std Dev       Count

Performance Statistics   2018-07-27 19:47:00 - 2018-07-27 19:48:00
Tag                                                  Avg(ms)         Min         Max     Std Dev       Count

Performance Statistics   2018-07-27 19:48:00 - 2018-07-27 19:49:00
Tag                                                  Avg(ms)         Min         Max     Std Dev       Count

Performance Statistics   2018-07-27 19:49:00 - 2018-07-27 19:50:00
Tag                                                  Avg(ms)         Min         Max     Std Dev       Count

Performance Statistics   2018-07-27 19:50:00 - 2018-07-27 19:51:00
Tag                                                  Avg(ms)         Min         Max     Std Dev       Count

Performance Statistics   2018-07-27 19:51:00 - 2018-07-27 19:52:00
Tag                                                  Avg(ms)         Min         Max     Std Dev       Count
DESTROY_TICKET_GRANTING_TICKET                           0.0           0           0         0.0           1

Performance Statistics   2018-07-27 19:52:00 - 2018-07-27 19:53:00
Tag                                                  Avg(ms)         Min         Max     Std Dev       Count
AUTHENTICATE                                             0.0           0           0         0.0           1
CREATE_TICKET_GRANTING_TICKET                            0.0           0           0         0.0           1
DESTROY_TICKET_GRANTING_TICKET                           0.0           0           0         0.0           1
GRANT_SERVICE_TICKET                                     1.0           1           1         0.0           1

Performance Statistics   2018-07-27 19:53:00 - 2018-07-27 19:54:00
Tag                                                  Avg(ms)         Min         Max     Std Dev       Count

Performance Statistics   2018-07-27 19:54:00 - 2018-07-27 19:55:00
Tag                                                  Avg(ms)         Min         Max     Std Dev       Count

Performance Statistics   2018-07-27 19:55:00 - 2018-07-27 19:56:00
Tag                                                  Avg(ms)         Min         Max     Std Dev       Count

Performance Statistics   2018-07-27 19:56:00 - 2018-07-27 19:57:00
Tag                                                  Avg(ms)         Min         Max     Std Dev       Count
GRANT_SERVICE_TICKET                                     0.0           0           0         0.0           2

Performance Statistics   2018-07-27 19:57:00 - 2018-07-27 19:58:00
Tag                                                  Avg(ms)         Min         Max     Std Dev       Count

Performance Statistics   2018-07-27 19:58:00 - 2018-07-27 19:59:00
Tag                                                  Avg(ms)         Min         Max     Std Dev       Count

Performance Statistics   2018-07-27 19:59:00 - 2018-07-27 20:00:00
Tag                                                  Avg(ms)         Min         Max     Std Dev       Count

Performance Statistics   2018-07-27 20:00:00 - 2018-07-27 20:01:00
Tag                                                  Avg(ms)         Min         Max     Std Dev       Count

Performance Statistics   2018-07-27 20:01:00 - 2018-07-27 20:02:00
Tag                                                  Avg(ms)         Min         Max     Std Dev       Count

Performance Statistics   2018-07-27 20:02:00 - 2018-07-27 20:03:00
Tag                                                  Avg(ms)         Min         Max     Std Dev       Count

Performance Statistics   2018-07-27 20:03:00 - 2018-07-27 20:04:00
Tag                                                  Avg(ms)         Min         Max     Std Dev       Count

Performance Statistics   2018-07-27 20:04:00 - 2018-07-27 20:05:00
Tag                                                  Avg(ms)         Min         Max     Std Dev       Count

Performance Statistics   2018-07-27 20:05:00 - 2018-07-27 20:06:00
Tag                                                  Avg(ms)         Min         Max     Std Dev       Count

Performance Statistics   2018-07-27 20:06:00 - 2018-07-27 20:07:00
Tag                                                  Avg(ms)         Min         Max     Std Dev       Count

Performance Statistics   2018-07-27 20:07:00 - 2018-07-27 20:08:00
Tag                                                  Avg(ms)         Min         Max     Std Dev       Count
GRANT_SERVICE_TICKET                                     0.0           0           0         0.0           2

Performance Statistics   2018-07-27 20:08:00 - 2018-07-27 20:09:00
Tag                                                  Avg(ms)         Min         Max     Std Dev       Count

Performance Statistics   2018-07-27 20:09:00 - 2018-07-27 20:10:00
Tag                                                  Avg(ms)         Min         Max     Std Dev       Count

Performance Statistics   2018-07-27 20:10:00 - 2018-07-27 20:11:00
Tag                                                  Avg(ms)         Min         Max     Std Dev       Count

Performance Statistics   2018-07-27 20:11:00 - 2018-07-27 20:12:00
Tag                                                  Avg(ms)         Min         Max     Std Dev       Count

Performance Statistics   2018-07-27 20:12:00 - 2018-07-27 20:13:00
Tag                                                  Avg(ms)         Min         Max     Std Dev       Count

Performance Statistics   2018-07-27 20:13:00 - 2018-07-27 20:14:00
Tag                                                  Avg(ms)         Min         Max     Std Dev       Count

Performance Statistics   2018-07-27 20:14:00 - 2018-07-27 20:15:00
Tag                                                  Avg(ms)         Min         Max     Std Dev       Count

Performance Statistics   2018-07-27 20:15:00 - 2018-07-27 20:16:00
Tag                                                  Avg(ms)         Min         Max     Std Dev       Count

Performance Statistics   2018-07-27 20:16:00 - 2018-07-27 20:17:00
Tag                                                  Avg(ms)         Min         Max     Std Dev       Count

Performance Statistics   2018-07-27 20:17:00 - 2018-07-27 20:18:00
Tag                                                  Avg(ms)         Min         Max     Std Dev       Count

Performance Statistics   2018-07-27 20:18:00 - 2018-07-27 20:19:00
Tag                                                  Avg(ms)         Min         Max     Std Dev       Count

Performance Statistics   2018-07-27 20:19:00 - 2018-07-27 20:20:00
Tag                                                  Avg(ms)         Min         Max     Std Dev       Count

Performance Statistics   2018-07-27 20:20:00 - 2018-07-27 20:21:00
Tag                                                  Avg(ms)         Min         Max     Std Dev       Count
GRANT_SERVICE_TICKET                                     0.0           0           0         0.0           1

Performance Statistics   2018-07-27 20:21:00 - 2018-07-27 20:22:00
Tag                                                  Avg(ms)         Min         Max     Std Dev       Count

Performance Statistics   2018-07-27 20:22:00 - 2018-07-27 20:23:00
Tag                                                  Avg(ms)         Min         Max     Std Dev       Count

Performance Statistics   2018-07-27 20:23:00 - 2018-07-27 20:24:00
Tag                                                  Avg(ms)         Min         Max     Std Dev       Count

Performance Statistics   2018-07-27 20:24:00 - 2018-07-27 20:25:00
Tag                                                  Avg(ms)         Min         Max     Std Dev       Count

